<?xml version="1.0" encoding="utf-8"?><testsuites name="pytest tests"><testsuite name="pytest" errors="0" failures="0" skipped="0" tests="60" time="6.611" timestamp="2026-09-20T15:48:43.695238+08:00" hostname="lyh-OMEN-Gaming-Laptop-16-am0xxx"><testcase classname="tests.test_d1_flat_plane_env" name="test_robot_solver_material_and_actuator_invariants" time="0.391" /><testcase classname="tests.test_d1_flat_plane_env" name="test_finite_analytic_reference_including_boundary[point0]" time="0.000" /><testcase classname="tests.test_d1_flat_plane_env" name="test_finite_analytic_reference_including_boundary[point1]" time="0.000" /><testcase classname="tests.test_d1_flat_plane_env" name="test_finite_analytic_reference_including_boundary[point2]" time="0.000" /><testcase classname="tests.test_d1_flat_plane_env" name="test_finite_analytic_reference_including_boundary[point3]" time="0.000" /><testcase classname="tests.test_d1_flat_plane_env" name="test_finite_analytic_reference_including_boundary[point4]" time="0.000" /><testcase classname="tests.test_d1_flat_plane_env" name="test_invalid_reference_coordinates_rejected[point0]" time="0.000" /><testcase classname="tests.test_d1_flat_plane_env" name="test_invalid_reference_coordinates_rejected[point1]" time="0.000" /><testcase classname="tests.test_d1_flat_plane_env" name="test_invalid_reference_coordinates_rejected[point2]" time="0.000" /><testcase classname="tests.test_d1_flat_plane_env" name="test_invalid_reference_coordinates_rejected[point3]" time="0.000" /><testcase classname="tests.test_d1_flat_plane_env" name="test_invalid_reference_coordinates_rejected[point4]" time="0.000" /><testcase classname="tests.test_d1_flat_plane_env" name="test_invalid_reference_coordinates_rejected[point5]" time="0.000" /><testcase classname="tests.test_d1_flat_plane_env" name="test_invalid_reference_coordinates_rejected[point6]" time="0.000" /><testcase classname="tests.test_d1_flat_plane_env" name="test_invalid_reference_coordinates_rejected[point7]" time="0.000" /><testcase classname="tests.test_d1_flat_plane_env" name="test_invalid_reference_coordinates_rejected[point8]" time="0.000" /><testcase classname="tests.test_d1_flat_plane_env" name="test_invalid_reference_coordinates_rejected[point9]" time="0.000" /><testcase classname="tests.test_d1_flat_plane_env" name="test_ground_query_and_reset_reject_geometry_drift[geom_type-None-1]" time="0.457" /><testcase classname="tests.test_d1_flat_plane_env" name="test_ground_query_and_reset_reject_geometry_drift[geom_bodyid-None-1]" time="0.226" /><testcase classname="tests.test_d1_flat_plane_env" name="test_ground_query_and_reset_reject_geometry_drift[geom_dataid-None-0]" time="0.189" /><testcase classname="tests.test_d1_flat_plane_env" name="test_ground_query_and_reset_reject_geometry_drift[geom_pos-2-1e-15]" time="0.178" /><testcase classname="tests.test_d1_flat_plane_env" name="test_ground_query_and_reset_reject_geometry_drift[geom_quat-1-1e-15]" time="0.183" /><testcase classname="tests.test_d1_flat_plane_env" name="test_constructor_reset_prepare_bind_only_new_plant_without_integrating" time="0.185" /><testcase classname="tests.test_d1_flat_plane_env" name="test_actual_plane_metadata_task_identity_and_copy_isolation" time="0.250" /><testcase classname="tests.test_d1_flat_plane_env" name="test_old_85_checkpoint_rejected_by_each_layer_before_file_or_deserialization[load_heading_policy-heading_task_config]" time="1.312" /><testcase classname="tests.test_d1_flat_plane_env" name="test_old_85_checkpoint_rejected_by_each_layer_before_file_or_deserialization[load_locomotion_policy-task_schema]" time="0.310" /><testcase classname="tests.test_d1_flat_plane_env" name="test_unsupported_environment_configuration_rejected[kwargs0]" time="0.000" /><testcase classname="tests.test_d1_flat_plane_env" name="test_unsupported_environment_configuration_rejected[kwargs1]" time="0.000" /><testcase classname="tests.test_d1_flat_plane_env" name="test_unsupported_environment_configuration_rejected[kwargs2]" time="0.000" /><testcase classname="tests.test_d1_flat_plane_env" name="test_unsupported_environment_configuration_rejected[kwargs3]" time="0.000" /><testcase classname="tests.test_d1_flat_plane_env" name="test_unsupported_environment_configuration_rejected[kwargs4]" time="0.000" /><testcase classname="tests.test_d1_flat_plane_env" name="test_unsupported_environment_configuration_rejected[kwargs5]" time="0.000" /><testcase classname="tests.test_d1_flat_plane_env" name="test_unsupported_environment_configuration_rejected[kwargs6]" time="0.000" /><testcase classname="tests.test_d1_flat_plane_env" name="test_unsupported_environment_configuration_rejected[kwargs7]" time="0.000" /><testcase classname="tests.test_d1_flat_plane_env" name="test_unsupported_environment_configuration_rejected[kwargs8]" time="0.000" /><testcase classname="tests.test_d1_flat_plane_env" name="test_unsupported_environment_configuration_rejected[kwargs9]" time="0.000" /><testcase classname="tests.test_d1_flat_plane_env" name="test_unsupported_environment_configuration_rejected[kwargs10]" time="0.000" /><testcase classname="tests.test_d1_flat_plane_env" name="test_unsupported_plant_configuration_rejected[kwargs0]" time="0.000" /><testcase classname="tests.test_d1_flat_plane_env" name="test_unsupported_plant_configuration_rejected[kwargs1]" time="0.000" /><testcase classname="tests.test_d1_flat_plane_env" name="test_unsupported_plant_configuration_rejected[kwargs2]" time="0.000" /><testcase classname="tests.test_d1_flat_plane_env" name="test_unsupported_plant_configuration_rejected[kwargs3]" time="0.000" /><testcase classname="tests.test_d1_flat_plane_env" name="test_unsupported_plant_configuration_rejected[kwargs4]" time="0.000" /><testcase classname="tests.test_d1_flat_plane_env" name="test_unsupported_plant_configuration_rejected[kwargs5]" time="0.099" /><testcase classname="tests.test_d1_flat_plane_env" name="test_unsupported_plant_configuration_rejected[kwargs6]" time="0.000" /><testcase classname="tests.test_d1_flat_plane_env" name="test_unsupported_plant_configuration_rejected[kwargs7]" time="0.000" /><testcase classname="tests.test_d1_flat_plane_env" name="test_unsupported_plant_configuration_rejected[kwargs8]" time="0.000" /><testcase classname="tests.test_d1_flat_plane_env" name="test_unsupported_plant_configuration_rejected[kwargs9]" time="0.000" /><testcase classname="tests.test_d1_flat_plane_env" name="test_unsupported_plant_configuration_rejected[kwargs10]" time="0.000" /><testcase classname="tests.test_d1_flat_plane_env" name="test_unsupported_plant_configuration_rejected[kwargs11]" time="0.000" /><testcase classname="tests.test_d1_flat_plane_env" name="test_invalid_action_rejected_before_parent_or_any_state_change[True]" time="0.219" /><testcase classname="tests.test_d1_flat_plane_env" name="test_invalid_action_rejected_before_parent_or_any_state_change[action1]" time="0.209" /><testcase classname="tests.test_d1_flat_plane_env" name="test_invalid_action_rejected_before_parent_or_any_state_change[action2]" time="0.208" /><testcase classname="tests.test_d1_flat_plane_env" name="test_invalid_action_rejected_before_parent_or_any_state_change[action3]" time="0.200" /><testcase classname="tests.test_d1_flat_plane_env" name="test_invalid_action_rejected_before_parent_or_any_state_change[action4]" time="0.188" /><testcase classname="tests.test_d1_flat_plane_env" name="test_invalid_action_rejected_before_parent_or_any_state_change[action5]" time="0.203" /><testcase classname="tests.test_d1_flat_plane_env" name="test_invalid_action_rejected_before_parent_or_any_state_change[action6]" time="0.188" /><testcase classname="tests.test_d1_flat_plane_env" name="test_invalid_action_rejected_before_parent_or_any_state_change[action7]" time="0.201" /><testcase classname="tests.test_d1_flat_plane_env" name="test_invalid_action_rejected_before_parent_or_any_state_change[action8]" time="0.180" /><testcase classname="tests.test_d1_flat_plane_env" name="test_exact_zero_delegates_once_without_executing_parent_physics[action0]" time="0.171" /><testcase classname="tests.test_d1_flat_plane_env" name="test_exact_zero_delegates_once_without_executing_parent_physics[action1]" time="0.181" /><testcase classname="tests.test_d1_flat_plane_env" name="test_exact_zero_delegates_once_without_executing_parent_physics[action2]" time="0.188" /></testsuite></testsuites>