<?xml version="1.0" encoding="utf-8"?><testsuites name="pytest tests"><testsuite name="pytest" errors="0" failures="0" skipped="0" tests="3262" time="397.396" timestamp="2026-09-14T14:49:05.700372+08:00" hostname="lyh-OMEN-Gaming-Laptop-16-am0xxx"><testcase classname="tests.test_actuator_bench" name="test_delay_uses_exact_physics_step_history[0]" time="0.002" /><testcase classname="tests.test_actuator_bench" name="test_delay_uses_exact_physics_step_history[1]" time="0.002" /><testcase classname="tests.test_actuator_bench" name="test_delay_uses_exact_physics_step_history[3]" time="0.001" /><testcase classname="tests.test_actuator_bench" name="test_reset_clears_delay_history_and_state_is_a_copy" time="0.001" /><testcase classname="tests.test_actuator_bench" name="test_torque_is_clipped_before_delay[-100.0]" time="0.001" /><testcase classname="tests.test_actuator_bench" name="test_torque_is_clipped_before_delay[100.0]" time="0.001" /><testcase classname="tests.test_actuator_bench" name="test_free_rotor_matches_constant_torque_acceleration" time="0.003" /><testcase classname="tests.test_actuator_bench" name="test_viscous_damping_reduces_energy_and_matches_implicit_update" time="0.003" /><testcase classname="tests.test_actuator_bench" name="test_wheel_angle_is_continuous_across_full_turns" time="0.001" /><testcase classname="tests.test_actuator_bench" name="test_pendulum_gravity_matches_known_load_and_downward_equilibrium" time="0.001" /><testcase classname="tests.test_actuator_bench" name="test_smooth_coulomb_friction_is_applied_once_and_opposes_motion[-1.0]" time="0.001" /><testcase classname="tests.test_actuator_bench" name="test_smooth_coulomb_friction_is_applied_once_and_opposes_motion[1.0]" time="0.001" /><testcase classname="tests.test_actuator_bench" name="test_hidden_stribeck_term_adds_low_speed_friction" time="0.002" /><testcase classname="tests.test_actuator_bench" name="test_invalid_physical_parameters_are_rejected[-0.01-armature]" time="0.000" /><testcase classname="tests.test_actuator_bench" name="test_invalid_physical_parameters_are_rejected[-0.01-damping]" time="0.000" /><testcase classname="tests.test_actuator_bench" name="test_invalid_physical_parameters_are_rejected[-0.01-coulomb_friction]" time="0.000" /><testcase classname="tests.test_actuator_bench" name="test_invalid_physical_parameters_are_rejected[nan-armature]" time="0.000" /><testcase classname="tests.test_actuator_bench" name="test_invalid_physical_parameters_are_rejected[nan-damping]" time="0.000" /><testcase classname="tests.test_actuator_bench" name="test_invalid_physical_parameters_are_rejected[nan-coulomb_friction]" time="0.000" /><testcase classname="tests.test_actuator_bench" name="test_invalid_physical_parameters_are_rejected[inf-armature]" time="0.000" /><testcase classname="tests.test_actuator_bench" name="test_invalid_physical_parameters_are_rejected[inf-damping]" time="0.000" /><testcase classname="tests.test_actuator_bench" name="test_invalid_physical_parameters_are_rejected[inf-coulomb_friction]" time="0.000" /><testcase classname="tests.test_actuator_bench" name="test_invalid_physical_parameters_are_rejected[True-armature]" time="0.000" /><testcase classname="tests.test_actuator_bench" name="test_invalid_physical_parameters_are_rejected[True-damping]" time="0.000" /><testcase classname="tests.test_actuator_bench" name="test_invalid_physical_parameters_are_rejected[True-coulomb_friction]" time="0.000" /><testcase classname="tests.test_actuator_bench" name="test_invalid_physical_parameters_are_rejected[0.1-armature]" time="0.000" /><testcase classname="tests.test_actuator_bench" name="test_invalid_physical_parameters_are_rejected[0.1-damping]" time="0.000" /><testcase classname="tests.test_actuator_bench" name="test_invalid_physical_parameters_are_rejected[0.1-coulomb_friction]" time="0.000" /><testcase classname="tests.test_actuator_bench" name="test_delay_must_be_a_nonnegative_integer[-1]" time="0.000" /><testcase classname="tests.test_actuator_bench" name="test_delay_must_be_a_nonnegative_integer[0.5]" time="0.000" /><testcase classname="tests.test_actuator_bench" name="test_delay_must_be_a_nonnegative_integer[nan]" time="0.000" /><testcase classname="tests.test_actuator_bench" name="test_delay_must_be_a_nonnegative_integer[True]" time="0.000" /><testcase classname="tests.test_actuator_bench" name="test_delay_must_be_a_nonnegative_integer[1]" time="0.000" /><testcase classname="tests.test_actuator_bench" name="test_invalid_config_values_are_rejected[0.0-dt]" time="0.000" /><testcase classname="tests.test_actuator_bench" name="test_invalid_config_values_are_rejected[0.0-torque_limit_nm]" time="0.000" /><testcase classname="tests.test_actuator_bench" name="test_invalid_config_values_are_rejected[-0.01-dt]" time="0.000" /><testcase classname="tests.test_actuator_bench" name="test_invalid_config_values_are_rejected[-0.01-torque_limit_nm]" time="0.000" /><testcase classname="tests.test_actuator_bench" name="test_invalid_config_values_are_rejected[nan-dt]" time="0.000" /><testcase classname="tests.test_actuator_bench" name="test_invalid_config_values_are_rejected[nan-torque_limit_nm]" time="0.000" /><testcase classname="tests.test_actuator_bench" name="test_invalid_config_values_are_rejected[inf-dt]" time="0.000" /><testcase classname="tests.test_actuator_bench" name="test_invalid_config_values_are_rejected[inf-torque_limit_nm]" time="0.000" /><testcase classname="tests.test_actuator_bench" name="test_invalid_config_values_are_rejected[True-dt]" time="0.000" /><testcase classname="tests.test_actuator_bench" name="test_invalid_config_values_are_rejected[True-torque_limit_nm]" time="0.000" /><testcase classname="tests.test_actuator_bench" name="test_invalid_config_values_are_rejected[0.1-dt]" time="0.000" /><testcase classname="tests.test_actuator_bench" name="test_invalid_config_values_are_rejected[0.1-torque_limit_nm]" time="0.000" /><testcase classname="tests.test_actuator_bench" name="test_invalid_kind_is_rejected[leg]" time="0.000" /><testcase classname="tests.test_actuator_bench" name="test_invalid_kind_is_rejected[None]" time="0.000" /><testcase classname="tests.test_actuator_bench" name="test_invalid_kind_is_rejected[kind2]" time="0.000" /><testcase classname="tests.test_actuator_bench" name="test_invalid_commands_and_initial_states_do_not_mutate_bench[nan]" time="0.002" /><testcase classname="tests.test_actuator_bench" name="test_invalid_commands_and_initial_states_do_not_mutate_bench[inf]" time="0.001" /><testcase classname="tests.test_actuator_bench" name="test_invalid_commands_and_initial_states_do_not_mutate_bench[-inf]" time="0.001" /><testcase classname="tests.test_actuator_bench" name="test_invalid_commands_and_initial_states_do_not_mutate_bench[True]" time="0.001" /><testcase classname="tests.test_actuator_bench" name="test_invalid_commands_and_initial_states_do_not_mutate_bench[0.1]" time="0.001" /><testcase classname="tests.test_actuator_bench" name="test_invalid_commands_and_initial_states_do_not_mutate_bench[value5]" time="0.001" /><testcase classname="tests.test_actuator_bench" name="test_invalid_stribeck_is_rejected[-0.1]" time="0.000" /><testcase classname="tests.test_actuator_bench" name="test_invalid_stribeck_is_rejected[nan]" time="0.000" /><testcase classname="tests.test_actuator_bench" name="test_invalid_stribeck_is_rejected[inf]" time="0.000" /><testcase classname="tests.test_actuator_bench" name="test_invalid_stribeck_is_rejected[True]" time="0.000" /><testcase classname="tests.test_actuator_bench" name="test_configuration_records_are_frozen" time="0.000" /><testcase classname="tests.test_actuator_bench" name="test_constructor_requires_typed_configuration" time="0.000" /><testcase classname="tests.test_actuator_bench" name="test_zero_armature_uses_the_load_inertia_without_hidden_extra_inertia" time="0.001" /><testcase classname="tests.test_actuator_experiment" name="test_cli_produces_a_completed_explicitly_offline_experiment" time="1.062" /><testcase classname="tests.test_actuator_experiment" name="test_manifest_covers_every_artifact_with_matching_sha256" time="0.001" /><testcase classname="tests.test_actuator_experiment" name="test_all_four_split_logs_and_full_predictions_are_saved" time="0.007" /><testcase classname="tests.test_actuator_experiment" name="test_nominal_predictions_use_declared_defaults_not_generator_truth" time="0.005" /><testcase classname="tests.test_actuator_experiment" name="test_held_out_plot_and_fit_record_are_present" time="0.000" /><testcase classname="tests.test_actuator_experiment" name="test_invalid_arguments_do_not_create_an_experiment_directory[--duration-0.49]" time="0.002" /><testcase classname="tests.test_actuator_experiment" name="test_invalid_arguments_do_not_create_an_experiment_directory[--duration-nan]" time="0.001" /><testcase classname="tests.test_actuator_experiment" name="test_invalid_arguments_do_not_create_an_experiment_directory[--duration-inf]" time="0.001" /><testcase classname="tests.test_actuator_experiment" name="test_invalid_arguments_do_not_create_an_experiment_directory[--noise-scale--0.1]" time="0.001" /><testcase classname="tests.test_actuator_experiment" name="test_invalid_arguments_do_not_create_an_experiment_directory[--noise-scale-nan]" time="0.001" /><testcase classname="tests.test_actuator_experiment" name="test_invalid_arguments_do_not_create_an_experiment_directory[--noise-scale-inf]" time="0.001" /><testcase classname="tests.test_actuator_experiment" name="test_invalid_arguments_do_not_create_an_experiment_directory[--seed--1]" time="0.001" /><testcase classname="tests.test_actuator_experiment" name="test_invalid_arguments_do_not_create_an_experiment_directory[--seed-1.5]" time="0.001" /><testcase classname="tests.test_actuator_experiment" name="test_invalid_arguments_do_not_create_an_experiment_directory[--max-delay-steps--1]" time="0.001" /><testcase classname="tests.test_actuator_experiment" name="test_invalid_arguments_do_not_create_an_experiment_directory[--max-delay-steps-0.5]" time="0.001" /><testcase classname="tests.test_actuator_experiment" name="test_invalid_arguments_do_not_create_an_experiment_directory[--max-nfev-0]" time="0.001" /><testcase classname="tests.test_actuator_experiment" name="test_invalid_arguments_do_not_create_an_experiment_directory[--max-nfev--1]" time="0.001" /><testcase classname="tests.test_actuator_experiment" name="test_invalid_arguments_do_not_create_an_experiment_directory[--max-nfev-nan]" time="0.001" /><testcase classname="tests.test_actuator_experiment" name="test_cli_refuses_to_overwrite_an_existing_experiment" time="0.001" /><testcase classname="tests.test_actuator_experiment" name="test_help_exits_successfully_without_requiring_output" time="0.002" /><testcase classname="tests.test_actuator_identification" name="test_log_copies_input_arrays_and_freezes_fields" time="0.000" /><testcase classname="tests.test_actuator_identification" name="test_supported_splits_are_preserved[calibration]" time="0.002" /><testcase classname="tests.test_actuator_identification" name="test_supported_splits_are_preserved[validation]" time="0.001" /><testcase classname="tests.test_actuator_identification" name="test_supported_splits_are_preserved[holdout]" time="0.001" /><testcase classname="tests.test_actuator_identification" name="test_unknown_split_is_rejected[train]" time="0.001" /><testcase classname="tests.test_actuator_identification" name="test_unknown_split_is_rejected[]" time="0.001" /><testcase classname="tests.test_actuator_identification" name="test_unknown_split_is_rejected[test]" time="0.001" /><testcase classname="tests.test_actuator_identification" name="test_unknown_split_is_rejected[None]" time="0.001" /><testcase classname="tests.test_actuator_identification" name="test_nonfinite_log_values_are_rejected[nan-commands]" time="0.001" /><testcase classname="tests.test_actuator_identification" name="test_nonfinite_log_values_are_rejected[nan-positions]" time="0.001" /><testcase classname="tests.test_actuator_identification" name="test_nonfinite_log_values_are_rejected[nan-velocities]" time="0.001" /><testcase classname="tests.test_actuator_identification" name="test_nonfinite_log_values_are_rejected[inf-commands]" time="0.001" /><testcase classname="tests.test_actuator_identification" name="test_nonfinite_log_values_are_rejected[inf-positions]" time="0.001" /><testcase classname="tests.test_actuator_identification" name="test_nonfinite_log_values_are_rejected[inf-velocities]" time="0.001" /><testcase classname="tests.test_actuator_identification" name="test_nonfinite_log_values_are_rejected[-inf-commands]" time="0.001" /><testcase classname="tests.test_actuator_identification" name="test_nonfinite_log_values_are_rejected[-inf-positions]" time="0.001" /><testcase classname="tests.test_actuator_identification" name="test_nonfinite_log_values_are_rejected[-inf-velocities]" time="0.001" /><testcase classname="tests.test_actuator_identification" name="test_wrong_array_dimensions_are_rejected[commands]" time="0.001" /><testcase classname="tests.test_actuator_identification" name="test_wrong_array_dimensions_are_rejected[positions]" time="0.001" /><testcase classname="tests.test_actuator_identification" name="test_wrong_array_dimensions_are_rejected[velocities]" time="0.001" /><testcase classname="tests.test_actuator_identification" name="test_state_sequence_requires_one_more_sample_than_commands[positions]" time="0.001" /><testcase classname="tests.test_actuator_identification" name="test_state_sequence_requires_one_more_sample_than_commands[velocities]" time="0.001" /><testcase classname="tests.test_actuator_identification" name="test_log_requires_at_least_two_commands[0]" time="0.000" /><testcase classname="tests.test_actuator_identification" name="test_log_requires_at_least_two_commands[1]" time="0.000" /><testcase classname="tests.test_actuator_identification" name="test_csv_roundtrip_is_exact_and_excludes_hidden_parameters" time="0.002" /><testcase classname="tests.test_actuator_identification" name="test_csv_save_refuses_to_overwrite_existing_record" time="0.002" /><testcase classname="tests.test_actuator_identification" name="test_loader_rejects_bad_metadata_header[not a header]" time="0.002" /><testcase classname="tests.test_actuator_identification" name="test_loader_rejects_bad_metadata_header[# {broken json]" time="0.002" /><testcase classname="tests.test_actuator_identification" name="test_loader_rejects_bad_metadata_header[# {}]" time="0.002" /><testcase classname="tests.test_actuator_identification" name="test_loader_rejects_nonfinite_or_discontinuous_samples[0-0-0.001]" time="0.002" /><testcase classname="tests.test_actuator_identification" name="test_loader_rejects_nonfinite_or_discontinuous_samples[1-0-0.0021]" time="0.002" /><testcase classname="tests.test_actuator_identification" name="test_loader_rejects_nonfinite_or_discontinuous_samples[1-1-nan]" time="0.002" /><testcase classname="tests.test_actuator_identification" name="test_loader_rejects_nonfinite_or_discontinuous_samples[1-3-inf]" time="0.002" /><testcase classname="tests.test_actuator_identification" name="test_loader_rejects_nonfinite_or_discontinuous_samples[0-4-123.0]" time="0.002" /><testcase classname="tests.test_actuator_identification" name="test_loader_rejects_nonfinite_or_discontinuous_samples[0-5--123.0]" time="0.002" /><testcase classname="tests.test_actuator_identification" name="test_replay_starts_from_logged_state_and_is_repeatable" time="0.004" /><testcase classname="tests.test_actuator_identification" name="test_prediction_metrics_exclude_the_known_initial_state" time="0.001" /><testcase classname="tests.test_actuator_identification" name="test_prediction_does_not_teacher_force_from_future_measured_states" time="0.003" /><testcase classname="tests.test_actuator_identification" name="test_prediction_metrics_reject_invalid_prediction[invalid0]" time="0.001" /><testcase classname="tests.test_actuator_identification" name="test_prediction_metrics_reject_invalid_prediction[invalid1]" time="0.001" /><testcase classname="tests.test_actuator_identification" name="test_fitting_refuses_noncalibration_logs[validation]" time="0.001" /><testcase classname="tests.test_actuator_identification" name="test_fitting_refuses_noncalibration_logs[holdout]" time="0.001" /><testcase classname="tests.test_actuator_identification" name="test_fitting_requires_logs_with_the_same_known_bench_configuration" time="0.002" /><testcase classname="tests.test_actuator_identification" name="test_fitting_requires_nonempty_data" time="0.000" /><testcase classname="tests.test_actuator_identification" name="test_noise_free_identification_recovers_parameters_and_predicts_unseen_motion" time="0.857" /><testcase classname="tests.test_controllers" name="test_lqr_closed_loop_is_stable" time="0.010" /><testcase classname="tests.test_controllers" name="test_lqr_recovers_from_small_pitch_error" time="0.026" /><testcase classname="tests.test_controllers" name="test_mpc_returns_bounded_control" time="0.009" /><testcase classname="tests.test_d1_action_ablation_analysis" name="test_metrics_recomputed_from_physical_samples[full_gaussian]" time="0.002" /><testcase classname="tests.test_d1_action_ablation_analysis" name="test_metrics_recomputed_from_physical_samples[bounded_mean]" time="0.002" /><testcase classname="tests.test_d1_action_ablation_analysis" name="test_metrics_recomputed_from_physical_samples[fx_only]" time="0.002" /><testcase classname="tests.test_d1_action_ablation_analysis" name="test_metrics_recomputed_from_physical_samples[zero_residual]" time="0.001" /><testcase classname="tests.test_d1_action_ablation_analysis" name="test_inconsistent_telemetry_is_rejected[wrong_error]" time="0.001" /><testcase classname="tests.test_d1_action_ablation_analysis" name="test_inconsistent_telemetry_is_rejected[after_done]" time="0.001" /><testcase classname="tests.test_d1_action_ablation_analysis" name="test_inconsistent_telemetry_is_rejected[gating]" time="0.001" /><testcase classname="tests.test_d1_action_ablation_analysis" name="test_inconsistent_telemetry_is_rejected[wrong_clip]" time="0.001" /><testcase classname="tests.test_d1_action_ablation_analysis" name="test_inconsistent_telemetry_is_rejected[negative_std]" time="0.001" /><testcase classname="tests.test_d1_action_ablation_analysis" name="test_inconsistent_telemetry_is_rejected[nan]" time="0.001" /><testcase classname="tests.test_d1_action_ablation_analysis" name="test_real_height_failure_is_not_hidden_by_survival" time="0.002" /><testcase classname="tests.test_d1_action_ablation_analysis" name="test_actual_sample_clipping_is_separate_from_mean_bounds[full_gaussian]" time="0.001" /><testcase classname="tests.test_d1_action_ablation_analysis" name="test_actual_sample_clipping_is_separate_from_mean_bounds[bounded_mean]" time="0.000" /><testcase classname="tests.test_d1_action_ablation_analysis" name="test_actual_sample_clipping_is_separate_from_mean_bounds[fx_only]" time="0.000" /><testcase classname="tests.test_d1_action_ablation_analysis" name="test_sample_audit_rejects_density_and_exposure_errors[wrong_density]" time="0.000" /><testcase classname="tests.test_d1_action_ablation_analysis" name="test_sample_audit_rejects_density_and_exposure_errors[wrong_clip]" time="0.000" /><testcase classname="tests.test_d1_action_ablation_analysis" name="test_sample_audit_rejects_density_and_exposure_errors[missing_samples]" time="0.000" /><testcase classname="tests.test_d1_action_ablation_analysis" name="test_sample_audit_rejects_density_and_exposure_errors[wrong_times]" time="0.000" /><testcase classname="tests.test_d1_action_ablation_analysis" name="test_sample_audit_rejects_density_and_exposure_errors[negative_std]" time="0.000" /><testcase classname="tests.test_d1_action_ablation_analysis" name="test_sample_audit_rejects_density_and_exposure_errors[bounded_mu]" time="0.000" /><testcase classname="tests.test_d1_action_ablation_analysis" name="test_sample_audit_rejects_density_and_exposure_errors[fx_extra_axis]" time="0.000" /><testcase classname="tests.test_d1_action_ablation_analysis" name="test_development_curve_keeps_the_same_six_cases_at_all_budgets" time="0.000" /><testcase classname="tests.test_d1_action_ablation_analysis" name="test_missing_fixed_development_case_is_rejected" time="0.000" /><testcase classname="tests.test_d1_action_ablation_analysis" name="test_holdout_pairs_use_seed_as_unit_and_baseline_once" time="0.001" /><testcase classname="tests.test_d1_action_ablation_analysis" name="test_holdout_pairs_reject_pseudoreplication[duplicate]" time="0.000" /><testcase classname="tests.test_d1_action_ablation_analysis" name="test_holdout_pairs_reject_pseudoreplication[missing]" time="0.000" /><testcase classname="tests.test_d1_action_ablation_analysis" name="test_holdout_pairs_reject_pseudoreplication[different_case]" time="0.000" /><testcase classname="tests.test_d1_action_ablation_analysis" name="test_holdout_pairs_reject_pseudoreplication[seeded_baseline]" time="0.000" /><testcase classname="tests.test_d1_action_ablation_analysis" name="test_holdout_json_summary_is_recomputed_not_trusted" time="0.003" /><testcase classname="tests.test_d1_action_ablation_analysis" name="test_rollout_csv_statistics_are_recomputed_from_npz" time="0.004" /><testcase classname="tests.test_d1_action_ablation_analysis" name="test_manifest_covers_nested_manifest_and_detects_mutation" time="0.001" /><testcase classname="tests.test_d1_action_ablation_analysis" name="test_checkpoint_counters_are_read_from_serialized_model" time="0.001" /><testcase classname="tests.test_d1_action_ablation_analysis" name="test_analysis_cannot_write_inside_training_inputs" time="0.001" /><testcase classname="tests.test_d1_action_ablation_evaluation" name="test_real_updated_checkpoint_has_the_declared_distribution_and_physical_mapping[full_gaussian]" time="1.385" /><testcase classname="tests.test_d1_action_ablation_evaluation" name="test_real_updated_checkpoint_has_the_declared_distribution_and_physical_mapping[bounded_mean]" time="0.009" /><testcase classname="tests.test_d1_action_ablation_evaluation" name="test_real_updated_checkpoint_has_the_declared_distribution_and_physical_mapping[fx_only]" time="0.009" /><testcase classname="tests.test_d1_action_ablation_evaluation" name="test_checkpoint_rejects_changed_semantics_or_training_identity[observation_schema-oracle-42-v0]" time="0.009" /><testcase classname="tests.test_d1_action_ablation_evaluation" name="test_checkpoint_rejects_changed_semantics_or_training_identity[action_schema-shape-compatible-but-different-action]" time="0.008" /><testcase classname="tests.test_d1_action_ablation_evaluation" name="test_checkpoint_rejects_changed_semantics_or_training_identity[reward_schema-continuous-task-reward]" time="0.009" /><testcase classname="tests.test_d1_action_ablation_evaluation" name="test_checkpoint_rejects_changed_semantics_or_training_identity[control_schema-different-yaw-controller]" time="0.009" /><testcase classname="tests.test_d1_action_ablation_evaluation" name="test_checkpoint_rejects_changed_semantics_or_training_identity[residual_force_scale_n-value4]" time="0.008" /><testcase classname="tests.test_d1_action_ablation_evaluation" name="test_checkpoint_rejects_changed_semantics_or_training_identity[physical_action_mapping-[az,ax]]" time="0.008" /><testcase classname="tests.test_d1_action_ablation_evaluation" name="test_checkpoint_rejects_changed_semantics_or_training_identity[model_sha256-0000000000000000000000000000000000000000000000000000000000000000]" time="0.009" /><testcase classname="tests.test_d1_action_ablation_evaluation" name="test_checkpoint_rejects_changed_semantics_or_training_identity[actual_timesteps-256]" time="0.009" /><testcase classname="tests.test_d1_action_ablation_evaluation" name="test_checkpoint_rejects_changed_semantics_or_training_identity[ppo_epochs_completed-3]" time="0.009" /><testcase classname="tests.test_d1_action_ablation_evaluation" name="test_checkpoint_rejects_changed_semantics_or_training_identity[training_reward_scale-1.0]" time="0.009" /><testcase classname="tests.test_d1_action_ablation_evaluation" name="test_checkpoint_rejects_changed_semantics_or_training_identity[training_seed-10000]" time="0.009" /><testcase classname="tests.test_d1_action_ablation_evaluation" name="test_normal_checkpoint_cannot_claim_to_be_bounded_mean" time="0.008" /><testcase classname="tests.test_d1_action_ablation_evaluation" name="test_claimed_final_metadata_cannot_hide_partial_or_different_loaded_training[num_timesteps-256]" time="0.009" /><testcase classname="tests.test_d1_action_ablation_evaluation" name="test_claimed_final_metadata_cannot_hide_partial_or_different_loaded_training[_n_updates-3]" time="0.008" /><testcase classname="tests.test_d1_action_ablation_evaluation" name="test_claimed_final_metadata_cannot_hide_partial_or_different_loaded_training[gamma-0.5]" time="0.008" /><testcase classname="tests.test_d1_action_ablation_evaluation" name="test_claimed_final_metadata_cannot_hide_partial_or_different_loaded_training[learning_rate-0.001]" time="0.008" /><testcase classname="tests.test_d1_action_ablation_evaluation" name="test_claimed_final_metadata_cannot_hide_partial_or_different_loaded_training[n_steps-64]" time="0.010" /><testcase classname="tests.test_d1_action_ablation_evaluation" name="test_claimed_final_metadata_cannot_hide_partial_or_different_loaded_training[batch_size-64]" time="0.008" /><testcase classname="tests.test_d1_action_ablation_evaluation" name="test_claimed_final_metadata_cannot_hide_partial_or_different_loaded_training[n_epochs-2]" time="0.009" /><testcase classname="tests.test_d1_action_ablation_evaluation" name="test_claimed_final_metadata_cannot_hide_partial_or_different_loaded_training[gae_lambda-0.8]" time="0.009" /><testcase classname="tests.test_d1_action_ablation_evaluation" name="test_claimed_final_metadata_cannot_hide_partial_or_different_loaded_training[ent_coef-0.1]" time="0.008" /><testcase classname="tests.test_d1_action_ablation_evaluation" name="test_claimed_final_metadata_cannot_hide_partial_or_different_loaded_training[clip_range-&lt;lambda&gt;]" time="0.009" /><testcase classname="tests.test_d1_action_ablation_evaluation" name="test_claimed_final_metadata_cannot_hide_partial_or_different_loaded_training[lr_schedule-&lt;lambda&gt;]" time="0.009" /><testcase classname="tests.test_d1_action_ablation_evaluation" name="test_claimed_final_metadata_cannot_hide_partial_or_different_loaded_training[n_envs-2]" time="0.009" /><testcase classname="tests.test_d1_action_ablation_evaluation" name="test_claimed_final_metadata_cannot_hide_partial_or_different_loaded_training[vf_coef-0.9]" time="0.009" /><testcase classname="tests.test_d1_action_ablation_evaluation" name="test_claimed_final_metadata_cannot_hide_partial_or_different_loaded_training[normalize_advantage-False]" time="0.009" /><testcase classname="tests.test_d1_action_ablation_evaluation" name="test_claimed_final_metadata_cannot_hide_partial_or_different_loaded_training[max_grad_norm-2.0]" time="0.009" /><testcase classname="tests.test_d1_action_ablation_evaluation" name="test_claimed_final_metadata_cannot_hide_partial_or_different_loaded_training[target_kl-0.1]" time="0.008" /><testcase classname="tests.test_d1_action_ablation_evaluation" name="test_changed_ppo_metadata_is_not_the_same_training_protocol" time="0.008" /><testcase classname="tests.test_d1_action_ablation_evaluation" name="test_changed_policy_architecture_is_not_hidden_by_model_metadata" time="0.008" /><testcase classname="tests.test_d1_action_ablation_evaluation" name="test_gsde_is_not_the_registered_raw_normal_parameterization" time="0.074" /><testcase classname="tests.test_d1_action_ablation_evaluation" name="test_complete_cohort_is_sorted_by_real_seed_and_variant" time="0.020" /><testcase classname="tests.test_d1_action_ablation_evaluation" name="test_frozen_holdout_has_the_predeclared_twenty_four_new_cases" time="0.000" /><testcase classname="tests.test_d1_action_ablation_evaluation" name="test_incomplete_artifact_manifest_cannot_open_holdout[empty]" time="0.007" /><testcase classname="tests.test_d1_action_ablation_evaluation" name="test_incomplete_artifact_manifest_cannot_open_holdout[metadata]" time="0.007" /><testcase classname="tests.test_d1_action_ablation_evaluation" name="test_incomplete_artifact_manifest_cannot_open_holdout[model]" time="0.007" /><testcase classname="tests.test_d1_action_ablation_evaluation" name="test_extra_unmanifested_file_cannot_be_silently_ignored" time="0.007" /><testcase classname="tests.test_d1_action_ablation_evaluation" name="test_manifest_cannot_include_itself" time="0.007" /><testcase classname="tests.test_d1_action_ablation_evaluation" name="test_changed_training_protocol_is_rejected_even_with_updated_artifact_hashes[seeds-value0]" time="0.008" /><testcase classname="tests.test_d1_action_ablation_evaluation" name="test_changed_training_protocol_is_rejected_even_with_updated_artifact_hashes[envs-2]" time="0.008" /><testcase classname="tests.test_d1_action_ablation_evaluation" name="test_changed_training_protocol_is_rejected_even_with_updated_artifact_hashes[training_reward_scale-1.0]" time="0.008" /><testcase classname="tests.test_d1_action_ablation_evaluation" name="test_changed_training_protocol_is_rejected_even_with_updated_artifact_hashes[training_mode-flat]" time="0.008" /><testcase classname="tests.test_d1_action_ablation_evaluation" name="test_changed_training_protocol_is_rejected_even_with_updated_artifact_hashes[episode_seconds-8.0]" time="0.008" /><testcase classname="tests.test_d1_action_ablation_evaluation" name="test_changed_training_protocol_is_rejected_even_with_updated_artifact_hashes[development_cases-value5]" time="0.008" /><testcase classname="tests.test_d1_action_ablation_evaluation" name="test_changed_training_protocol_is_rejected_even_with_updated_artifact_hashes[intermediate_development_indices-value6]" time="0.008" /><testcase classname="tests.test_d1_action_ablation_evaluation" name="test_changed_training_protocol_is_rejected_even_with_updated_artifact_hashes[variants-value7]" time="0.008" /><testcase classname="tests.test_d1_action_ablation_evaluation" name="test_changed_training_protocol_is_rejected_even_with_updated_artifact_hashes[ppo-value8]" time="0.008" /><testcase classname="tests.test_d1_action_ablation_evaluation" name="test_changed_training_protocol_is_rejected_even_with_updated_artifact_hashes[development_rng_isolation-not isolated]" time="0.008" /><testcase classname="tests.test_d1_action_ablation_evaluation" name="test_holdout_terrain_parameters_cannot_be_changed_after_training" time="0.008" /><testcase classname="tests.test_d1_action_ablation_evaluation" name="test_duplicate_root_does_not_count_as_an_independent_training_seed" time="0.013" /><testcase classname="tests.test_d1_action_ablation_evaluation" name="test_two_completed_training_seeds_do_not_open_the_holdout" time="0.016" /><testcase classname="tests.test_d1_action_ablation_evaluation" name="test_summary_cannot_claim_a_different_number_of_training_runs" time="0.009" /><testcase classname="tests.test_d1_action_ablation_evaluation" name="test_variants_cannot_claim_different_common_initializations[common_two_action_parameter_sha256]" time="0.012" /><testcase classname="tests.test_d1_action_ablation_evaluation" name="test_variants_cannot_claim_different_common_initializations[initialized_parameter_sha256]" time="0.012" /><testcase classname="tests.test_d1_action_ablation_evaluation" name="test_copied_checkpoint_does_not_become_an_independent_seed" time="0.014" /><testcase classname="tests.test_d1_action_ablation_evaluation" name="test_source_snapshot_is_checked_even_if_container_hash_is_updated" time="0.009" /><testcase classname="tests.test_d1_action_ablation_evaluation" name="test_model_bytes_are_checked_before_loading" time="0.008" /><testcase classname="tests.test_d1_action_ablation_evaluation" name="test_paired_statistics_use_same_training_seed_and_count_baseline_once" time="0.001" /><testcase classname="tests.test_d1_action_ablation_evaluation" name="test_paired_statistics_reject_incomplete_or_pseudoreplicated_cases[duplicate]" time="0.000" /><testcase classname="tests.test_d1_action_ablation_evaluation" name="test_paired_statistics_reject_incomplete_or_pseudoreplicated_cases[missing]" time="0.000" /><testcase classname="tests.test_d1_action_ablation_evaluation" name="test_paired_statistics_reject_incomplete_or_pseudoreplicated_cases[different_case]" time="0.000" /><testcase classname="tests.test_d1_action_ablation_evaluation" name="test_paired_statistics_reject_incomplete_or_pseudoreplicated_cases[seeded_baseline]" time="0.000" /><testcase classname="tests.test_d1_action_ablation_evaluation" name="test_last_candidate_must_pass_before_any_holdout_episode" time="0.109" /><testcase classname="tests.test_d1_action_ablation_evaluation" name="test_reserialized_duplicate_policy_cannot_be_an_independent_seed" time="0.085" /><testcase classname="tests.test_d1_action_ablation_evaluation" name="test_complete_entrypoint_runs_one_baseline_and_nine_policies_on_identical_cases" time="0.108" /><testcase classname="tests.test_d1_action_ablation_runner" name="test_real_checkpoint_evaluation_preserves_training_rng" time="0.012" /><testcase classname="tests.test_d1_action_ablation_runner" name="test_rng_is_restored_even_if_development_evaluation_fails" time="0.001" /><testcase classname="tests.test_d1_action_comparison_experiment" name="test_original_terrain_values_and_default_are_unchanged[train]" time="0.000" /><testcase classname="tests.test_d1_action_comparison_experiment" name="test_original_terrain_values_and_default_are_unchanged[development]" time="0.000" /><testcase classname="tests.test_d1_action_comparison_experiment" name="test_original_terrain_values_and_default_are_unchanged[holdout]" time="0.000" /><testcase classname="tests.test_d1_action_comparison_experiment" name="test_comparison_suite_has_frozen_values_and_only_new_parameter_instances[train]" time="0.000" /><testcase classname="tests.test_d1_action_comparison_experiment" name="test_comparison_suite_has_frozen_values_and_only_new_parameter_instances[development]" time="0.001" /><testcase classname="tests.test_d1_action_comparison_experiment" name="test_comparison_suite_has_frozen_values_and_only_new_parameter_instances[holdout]" time="0.001" /><testcase classname="tests.test_d1_action_comparison_experiment" name="test_unknown_terrain_split_or_suite_is_rejected[bad-v1]" time="0.000" /><testcase classname="tests.test_d1_action_comparison_experiment" name="test_unknown_terrain_split_or_suite_is_rejected[train-bad]" time="0.000" /><testcase classname="tests.test_d1_action_comparison_experiment" name="test_unknown_terrain_split_or_suite_is_rejected[bad-bad]" time="0.000" /><testcase classname="tests.test_d1_action_comparison_experiment" name="test_cli_defaults_and_explicit_contracts" time="0.002" /><testcase classname="tests.test_d1_action_comparison_experiment" name="test_explicit_nonwheel_mode_fails_before_creating_output[shared2-lqr]" time="0.002" /><testcase classname="tests.test_d1_action_comparison_experiment" name="test_explicit_nonwheel_mode_fails_before_creating_output[shared2-mpc]" time="0.001" /><testcase classname="tests.test_d1_action_comparison_experiment" name="test_explicit_nonwheel_mode_fails_before_creating_output[independent8-lqr]" time="0.001" /><testcase classname="tests.test_d1_action_comparison_experiment" name="test_explicit_nonwheel_mode_fails_before_creating_output[independent8-mpc]" time="0.001" /><testcase classname="tests.test_d1_action_comparison_experiment" name="test_make_env_forwards_mode_and_actual_selected_road[None]" time="0.001" /><testcase classname="tests.test_d1_action_comparison_experiment" name="test_make_env_forwards_mode_and_actual_selected_road[shared2]" time="0.001" /><testcase classname="tests.test_d1_action_comparison_experiment" name="test_make_env_forwards_mode_and_actual_selected_road[independent8]" time="0.001" /><testcase classname="tests.test_d1_action_comparison_experiment" name="test_worker_factories_forward_contract_and_remain_pickleable[False]" time="0.001" /><testcase classname="tests.test_d1_action_comparison_experiment" name="test_worker_factories_forward_contract_and_remain_pickleable[True]" time="0.001" /><testcase classname="tests.test_d1_action_comparison_experiment" name="test_protocol_records_selected_seeds_roads_and_policy_mapping[v1]" time="0.002" /><testcase classname="tests.test_d1_action_comparison_experiment" name="test_protocol_records_selected_seeds_roads_and_policy_mapping[action_compare_v1]" time="0.002" /><testcase classname="tests.test_d1_action_comparison_experiment" name="test_rollout_distinguishes_raw_and_clipped_policy_from_physical_receipt" time="0.001" /><testcase classname="tests.test_d1_action_comparison_experiment" name="test_evaluation_records_actual_physical_actions_and_new_seed_suite[v1-development-seeds0]" time="0.008" /><testcase classname="tests.test_d1_action_comparison_experiment" name="test_evaluation_records_actual_physical_actions_and_new_seed_suite[v1-holdout-seeds1]" time="0.008" /><testcase classname="tests.test_d1_action_comparison_experiment" name="test_evaluation_records_actual_physical_actions_and_new_seed_suite[action_compare_v1-development-seeds2]" time="0.009" /><testcase classname="tests.test_d1_action_comparison_experiment" name="test_evaluation_records_actual_physical_actions_and_new_seed_suite[action_compare_v1-holdout-seeds3]" time="0.008" /><testcase classname="tests.test_d1_action_comparison_experiment" name="test_evaluation_records_actual_physical_actions_and_new_seed_suite[action_compare_v1-flat-seeds4]" time="0.005" /><testcase classname="tests.test_d1_action_comparison_experiment" name="test_flat_evaluation_rejects_unknown_suite_before_building_env" time="0.001" /><testcase classname="tests.test_d1_action_comparison_experiment" name="test_training_reference_matches_workers_and_counts_actual_network_parameters" time="0.002" /><testcase classname="tests.test_d1_action_comparison_experiment" name="test_real_shared_and_independent_envs_keep_zero_action_trajectory_and_actual_contract" time="0.495" /><testcase classname="tests.test_d1_actuator_channel" name="test_default_channel_is_exact_float64_identity_at_all_16_axes" time="0.001" /><testcase classname="tests.test_d1_actuator_channel" name="test_delay_is_counted_in_physics_steps_with_zero_prehistory[0]" time="0.001" /><testcase classname="tests.test_d1_actuator_channel" name="test_delay_is_counted_in_physics_steps_with_zero_prehistory[1]" time="0.001" /><testcase classname="tests.test_d1_actuator_channel" name="test_delay_is_counted_in_physics_steps_with_zero_prehistory[2]" time="0.001" /><testcase classname="tests.test_d1_actuator_channel" name="test_delay_is_counted_in_physics_steps_with_zero_prehistory[5]" time="0.001" /><testcase classname="tests.test_d1_actuator_channel" name="test_lag_uses_exact_physics_dt_and_supports_heterogeneous_time_constants[0.001]" time="0.001" /><testcase classname="tests.test_d1_actuator_channel" name="test_lag_uses_exact_physics_dt_and_supports_heterogeneous_time_constants[0.002]" time="0.001" /><testcase classname="tests.test_d1_actuator_channel" name="test_lag_uses_exact_physics_dt_and_supports_heterogeneous_time_constants[0.005]" time="0.001" /><testcase classname="tests.test_d1_actuator_channel" name="test_gain_does_not_scale_limits_and_trace_distinguishes_each_stage" time="0.000" /><testcase classname="tests.test_d1_actuator_channel" name="test_velocity_is_recorded_without_implicitly_adding_or_subtracting_friction" time="0.000" /><testcase classname="tests.test_d1_actuator_channel" name="test_zero_gain_is_allowed_without_changing_delayed_signal" time="0.000" /><testcase classname="tests.test_d1_actuator_channel" name="test_reset_clears_queue_and_lag_and_repeats_initial_response" time="0.001" /><testcase classname="tests.test_d1_actuator_channel" name="test_trace_is_frozen_and_its_arrays_cannot_be_made_writable" time="0.000" /><testcase classname="tests.test_d1_actuator_channel" name="test_configuration_copies_sequences_into_immutable_values" time="0.000" /><testcase classname="tests.test_d1_actuator_channel" name="test_configuration_rejects_invalid_units_dimensions_and_nonfinite_values[n_axes-0]" time="0.000" /><testcase classname="tests.test_d1_actuator_channel" name="test_configuration_rejects_invalid_units_dimensions_and_nonfinite_values[n_axes-True]" time="0.000" /><testcase classname="tests.test_d1_actuator_channel" name="test_configuration_rejects_invalid_units_dimensions_and_nonfinite_values[n_axes-2.0]" time="0.000" /><testcase classname="tests.test_d1_actuator_channel" name="test_configuration_rejects_invalid_units_dimensions_and_nonfinite_values[physics_dt_s-0]" time="0.000" /><testcase classname="tests.test_d1_actuator_channel" name="test_configuration_rejects_invalid_units_dimensions_and_nonfinite_values[physics_dt_s-inf]" time="0.000" /><testcase classname="tests.test_d1_actuator_channel" name="test_configuration_rejects_invalid_units_dimensions_and_nonfinite_values[physics_dt_s-True]" time="0.003" /><testcase classname="tests.test_d1_actuator_channel" name="test_configuration_rejects_invalid_units_dimensions_and_nonfinite_values[delay_steps--1]" time="0.000" /><testcase classname="tests.test_d1_actuator_channel" name="test_configuration_rejects_invalid_units_dimensions_and_nonfinite_values[delay_steps-1.5]" time="0.000" /><testcase classname="tests.test_d1_actuator_channel" name="test_configuration_rejects_invalid_units_dimensions_and_nonfinite_values[delay_steps-False]" time="0.000" /><testcase classname="tests.test_d1_actuator_channel" name="test_configuration_rejects_invalid_units_dimensions_and_nonfinite_values[time_constant_s--0.1]" time="0.000" /><testcase classname="tests.test_d1_actuator_channel" name="test_configuration_rejects_invalid_units_dimensions_and_nonfinite_values[time_constant_s-nan]" time="0.000" /><testcase classname="tests.test_d1_actuator_channel" name="test_configuration_rejects_invalid_units_dimensions_and_nonfinite_values[gain--1]" time="0.000" /><testcase classname="tests.test_d1_actuator_channel" name="test_configuration_rejects_invalid_units_dimensions_and_nonfinite_values[gain-inf]" time="0.000" /><testcase classname="tests.test_d1_actuator_channel" name="test_configuration_rejects_invalid_units_dimensions_and_nonfinite_values[gain-True]" time="0.000" /><testcase classname="tests.test_d1_actuator_channel" name="test_configuration_rejects_invalid_units_dimensions_and_nonfinite_values[gain-bad14]" time="0.000" /><testcase classname="tests.test_d1_actuator_channel" name="test_configuration_rejects_invalid_units_dimensions_and_nonfinite_values[gain-bad15]" time="0.000" /><testcase classname="tests.test_d1_actuator_channel" name="test_configuration_rejects_invalid_units_dimensions_and_nonfinite_values[gain-bad16]" time="0.000" /><testcase classname="tests.test_d1_actuator_channel" name="test_configuration_rejects_invalid_units_dimensions_and_nonfinite_values[torque_limit_nm-0]" time="0.000" /><testcase classname="tests.test_d1_actuator_channel" name="test_configuration_rejects_invalid_units_dimensions_and_nonfinite_values[torque_limit_nm--1]" time="0.000" /><testcase classname="tests.test_d1_actuator_channel" name="test_configuration_rejects_invalid_units_dimensions_and_nonfinite_values[torque_limit_nm-inf]" time="0.000" /><testcase classname="tests.test_d1_actuator_channel" name="test_configuration_rejects_invalid_units_dimensions_and_nonfinite_values[torque_limit_nm-2.0]" time="0.000" /><testcase classname="tests.test_d1_actuator_channel" name="test_invalid_step_input_does_not_advance_channel_state[torque-1.0]" time="0.001" /><testcase classname="tests.test_d1_actuator_channel" name="test_invalid_step_input_does_not_advance_channel_state[torque-bad1]" time="0.001" /><testcase classname="tests.test_d1_actuator_channel" name="test_invalid_step_input_does_not_advance_channel_state[torque-bad2]" time="0.001" /><testcase classname="tests.test_d1_actuator_channel" name="test_invalid_step_input_does_not_advance_channel_state[torque-bad3]" time="0.001" /><testcase classname="tests.test_d1_actuator_channel" name="test_invalid_step_input_does_not_advance_channel_state[torque-bad4]" time="0.001" /><testcase classname="tests.test_d1_actuator_channel" name="test_invalid_step_input_does_not_advance_channel_state[torque-bad5]" time="0.001" /><testcase classname="tests.test_d1_actuator_channel" name="test_invalid_step_input_does_not_advance_channel_state[torque-bad6]" time="0.001" /><testcase classname="tests.test_d1_actuator_channel" name="test_invalid_step_input_does_not_advance_channel_state[torque-bad7]" time="0.001" /><testcase classname="tests.test_d1_actuator_channel" name="test_invalid_step_input_does_not_advance_channel_state[velocity-1.0]" time="0.001" /><testcase classname="tests.test_d1_actuator_channel" name="test_invalid_step_input_does_not_advance_channel_state[velocity-bad1]" time="0.001" /><testcase classname="tests.test_d1_actuator_channel" name="test_invalid_step_input_does_not_advance_channel_state[velocity-bad2]" time="0.001" /><testcase classname="tests.test_d1_actuator_channel" name="test_invalid_step_input_does_not_advance_channel_state[velocity-bad3]" time="0.001" /><testcase classname="tests.test_d1_actuator_channel" name="test_invalid_step_input_does_not_advance_channel_state[velocity-bad4]" time="0.001" /><testcase classname="tests.test_d1_actuator_channel" name="test_invalid_step_input_does_not_advance_channel_state[velocity-bad5]" time="0.001" /><testcase classname="tests.test_d1_actuator_channel" name="test_invalid_step_input_does_not_advance_channel_state[velocity-bad6]" time="0.001" /><testcase classname="tests.test_d1_actuator_channel" name="test_invalid_step_input_does_not_advance_channel_state[velocity-bad7]" time="0.001" /><testcase classname="tests.test_d1_actuator_channel" name="test_overflow_rejection_does_not_commit_lag_state" time="0.000" /><testcase classname="tests.test_d1_actuator_channel" name="test_one_axis_channel_matches_existing_bench_motor_delay_without_double_friction[wheel]" time="0.020" /><testcase classname="tests.test_d1_actuator_channel" name="test_one_axis_channel_matches_existing_bench_motor_delay_without_double_friction[pendulum]" time="0.019" /><testcase classname="tests.test_d1_actuator_transfer" name="test_identification_recovers_synthetic_gain_tau_and_physics_delay" time="0.124" /><testcase classname="tests.test_d1_actuator_transfer" name="test_validation_is_a_new_waveform_and_cannot_select_parameters" time="0.120" /><testcase classname="tests.test_d1_actuator_transfer" name="test_excitation_rng_is_local_and_repeatable" time="0.001" /><testcase classname="tests.test_d1_actuator_transfer" name="test_analytic_fit_response_matches_real_channel_not_a_different_time_convention" time="0.005" /><testcase classname="tests.test_d1_actuator_transfer" name="test_inverse_hand_calculation_cancels_lag_but_keeps_whole_pure_delay[0]" time="0.001" /><testcase classname="tests.test_d1_actuator_transfer" name="test_inverse_hand_calculation_cancels_lag_but_keeps_whole_pure_delay[2]" time="0.001" /><testcase classname="tests.test_d1_actuator_transfer" name="test_inverse_hand_calculation_cancels_lag_but_keeps_whole_pure_delay[5]" time="0.001" /><testcase classname="tests.test_d1_actuator_transfer" name="test_inverse_does_not_see_future_reference_or_true_channel_parameters" time="0.000" /><testcase classname="tests.test_d1_actuator_transfer" name="test_saturation_prevents_exact_cancellation_and_is_not_hidden" time="0.000" /><testcase classname="tests.test_d1_actuator_transfer" name="test_mixed_channel_delays_only_wheels_and_never_adds_velocity_friction" time="0.001" /><testcase classname="tests.test_d1_actuator_transfer" name="test_real_wheel_velocity_loop_with_real_torque_channel_and_no_extra_friction" time="0.023" /><testcase classname="tests.test_d1_actuator_transfer" name="test_real_d1_short_run_uses_installed_physics_channel_and_preserves_leg_passthrough[ideal]" time="0.220" /><testcase classname="tests.test_d1_actuator_transfer" name="test_real_d1_short_run_uses_installed_physics_channel_and_preserves_leg_passthrough[nonideal]" time="0.206" /><testcase classname="tests.test_d1_actuator_transfer" name="test_real_d1_short_run_uses_installed_physics_channel_and_preserves_leg_passthrough[fitted_compensation]" time="0.218" /><testcase classname="tests.test_d1_actuator_transfer" name="test_summary_keeps_failures_even_when_short_prefix_tracking_is_good" time="0.000" /><testcase classname="tests.test_d1_actuator_transfer" name="test_invalid_cli_protocol_fails_before_output_creation[0]" time="0.001" /><testcase classname="tests.test_d1_actuator_transfer" name="test_invalid_cli_protocol_fails_before_output_creation[-1]" time="0.001" /><testcase classname="tests.test_d1_actuator_transfer" name="test_invalid_cli_protocol_fails_before_output_creation[0.015]" time="0.001" /><testcase classname="tests.test_d1_actuator_transfer" name="test_invalid_cli_protocol_fails_before_output_creation[nan]" time="0.001" /><testcase classname="tests.test_d1_actuator_transfer" name="test_invalid_cli_protocol_fails_before_output_creation[inf]" time="0.001" /><testcase classname="tests.test_d1_actuator_transfer" name="test_no_source_snapshot_or_calibration_if_output_already_exists" time="0.000" /><testcase classname="tests.test_d1_actuator_transfer" name="test_unexcited_or_nonfinite_fit_logs_rejected" time="0.000" /><testcase classname="tests.test_d1_budget_analysis" name="test_hand_smoke_checks_all_records_and_does_not_mutate_inputs" time="0.304" /><testcase classname="tests.test_d1_budget_analysis" name="test_formal_protocol_means_six_trajectories_not_sum_of_checkpoint_budgets" time="0.002" /><testcase classname="tests.test_d1_budget_analysis" name="test_fixed_protocol_rejects_design_changes[&lt;lambda&gt;0]" time="0.001" /><testcase classname="tests.test_d1_budget_analysis" name="test_fixed_protocol_rejects_design_changes[&lt;lambda&gt;1]" time="0.001" /><testcase classname="tests.test_d1_budget_analysis" name="test_fixed_protocol_rejects_design_changes[&lt;lambda&gt;2]" time="0.001" /><testcase classname="tests.test_d1_budget_analysis" name="test_fixed_protocol_rejects_design_changes[&lt;lambda&gt;3]" time="0.001" /><testcase classname="tests.test_d1_budget_analysis" name="test_fixed_protocol_rejects_design_changes[&lt;lambda&gt;4]" time="0.001" /><testcase classname="tests.test_d1_budget_analysis" name="test_fixed_protocol_rejects_design_changes[&lt;lambda&gt;5]" time="0.001" /><testcase classname="tests.test_d1_budget_analysis" name="test_fixed_protocol_rejects_design_changes[&lt;lambda&gt;6]" time="0.001" /><testcase classname="tests.test_d1_budget_analysis" name="test_fixed_protocol_rejects_design_changes[&lt;lambda&gt;7]" time="0.001" /><testcase classname="tests.test_d1_budget_analysis" name="test_fixed_protocol_rejects_design_changes[&lt;lambda&gt;8]" time="0.001" /><testcase classname="tests.test_d1_budget_analysis" name="test_fixed_protocol_rejects_design_changes[&lt;lambda&gt;9]" time="0.001" /><testcase classname="tests.test_d1_budget_analysis" name="test_fixed_protocol_rejects_design_changes[&lt;lambda&gt;10]" time="0.001" /><testcase classname="tests.test_d1_budget_analysis" name="test_fixed_protocol_rejects_design_changes[&lt;lambda&gt;11]" time="0.001" /><testcase classname="tests.test_d1_budget_analysis" name="test_streamed_csv_rejects_corrupt_sequence_and_actions[worker-1]" time="0.001" /><testcase classname="tests.test_d1_budget_analysis" name="test_streamed_csv_rejects_corrupt_sequence_and_actions[sample-8]" time="0.001" /><testcase classname="tests.test_d1_budget_analysis" name="test_streamed_csv_rejects_corrupt_sequence_and_actions[reward-nan]" time="0.001" /><testcase classname="tests.test_d1_budget_analysis" name="test_streamed_csv_rejects_corrupt_sequence_and_actions[nonflat_now-1]" time="0.001" /><testcase classname="tests.test_d1_budget_analysis" name="test_streamed_csv_rejects_corrupt_sequence_and_actions[applied_action_0-0.9]" time="0.001" /><testcase classname="tests.test_d1_budget_analysis" name="test_streamed_csv_rejects_corrupt_sequence_and_actions[policy_raw_action_0-1.0]" time="0.001" /><testcase classname="tests.test_d1_budget_analysis" name="test_streamed_csv_rejects_corrupt_sequence_and_actions[physical_applied_action_4-0.5]" time="0.001" /><testcase classname="tests.test_d1_budget_analysis" name="test_streamed_csv_rejects_corrupt_sequence_and_actions[raw_action_rms-1.9]" time="0.001" /><testcase classname="tests.test_d1_budget_analysis" name="test_streamed_csv_rejects_corrupt_sequence_and_actions[raw_action_clipped_fraction-0.0]" time="0.001" /><testcase classname="tests.test_d1_budget_analysis" name="test_streamed_csv_requires_exact_transition_count[3]" time="0.001" /><testcase classname="tests.test_d1_budget_analysis" name="test_streamed_csv_requires_exact_transition_count[5]" time="0.001" /><testcase classname="tests.test_d1_budget_analysis" name="test_ppo_trajectory_cannot_restart_or_break_hash_chain[num_timesteps-512]" time="0.003" /><testcase classname="tests.test_d1_budget_analysis" name="test_ppo_trajectory_cannot_restart_or_break_hash_chain[n_updates-4]" time="0.003" /><testcase classname="tests.test_d1_budget_analysis" name="test_ppo_trajectory_cannot_restart_or_break_hash_chain[audit_index-0]" time="0.003" /><testcase classname="tests.test_d1_budget_analysis" name="test_ppo_trajectory_cannot_restart_or_break_hash_chain[param_sha256_before-0000000000000000000000000000000000000000000000000000000000000000]" time="0.027" /><testcase classname="tests.test_d1_budget_analysis" name="test_ppo_raw_arrays_are_recomputed_and_dimensions_checked[gae_rewards]" time="0.029" /><testcase classname="tests.test_d1_budget_analysis" name="test_ppo_raw_arrays_are_recomputed_and_dimensions_checked[log_prob_after]" time="0.029" /><testcase classname="tests.test_d1_budget_analysis" name="test_ppo_raw_arrays_are_recomputed_and_dimensions_checked[observations]" time="0.005" /><testcase classname="tests.test_d1_budget_analysis" name="test_ppo_raw_arrays_are_recomputed_and_dimensions_checked[actions_raw]" time="0.004" /><testcase classname="tests.test_d1_budget_analysis" name="test_strict_jsonl_rejects_ambiguous_records[{&quot;a&quot;:1,&quot;a&quot;:2}\n]" time="0.001" /><testcase classname="tests.test_d1_budget_analysis" name="test_strict_jsonl_rejects_ambiguous_records[{&quot;a&quot;:NaN}\n]" time="0.001" /><testcase classname="tests.test_d1_budget_analysis" name="test_strict_jsonl_rejects_ambiguous_records[\n]" time="0.001" /><testcase classname="tests.test_d1_budget_analysis" name="test_strict_jsonl_rejects_ambiguous_records[[]\n]" time="0.001" /><testcase classname="tests.test_d1_budget_analysis" name="test_checkpoint_manifest_and_after_learning_witness_are_required[checkpoints/manifest.json-&lt;lambda&gt;0]" time="0.009" /><testcase classname="tests.test_d1_budget_analysis" name="test_checkpoint_manifest_and_after_learning_witness_are_required[checkpoints/manifest.json-&lt;lambda&gt;1]" time="0.009" /><testcase classname="tests.test_d1_budget_analysis" name="test_checkpoint_manifest_and_after_learning_witness_are_required[checkpoints/manifest.json-&lt;lambda&gt;2]" time="0.009" /><testcase classname="tests.test_d1_budget_analysis" name="test_checkpoint_manifest_and_after_learning_witness_are_required[checkpoints/manifest.json-&lt;lambda&gt;3]" time="0.009" /><testcase classname="tests.test_d1_budget_analysis" name="test_checkpoint_manifest_and_after_learning_witness_are_required[checkpoints/manifest.json-&lt;lambda&gt;4]" time="0.009" /><testcase classname="tests.test_d1_budget_analysis" name="test_checkpoint_manifest_and_after_learning_witness_are_required[checkpoints/manifest.json-&lt;lambda&gt;5]" time="0.009" /><testcase classname="tests.test_d1_budget_analysis" name="test_checkpoint_manifest_and_after_learning_witness_are_required[checkpoints/manifest.json-&lt;lambda&gt;6]" time="0.010" /><testcase classname="tests.test_d1_budget_analysis" name="test_checkpoint_manifest_and_after_learning_witness_are_required[checkpoints/manifest.json-&lt;lambda&gt;7]" time="0.010" /><testcase classname="tests.test_d1_budget_analysis" name="test_checkpoint_manifest_and_after_learning_witness_are_required[checkpoints/manifest.json-&lt;lambda&gt;8]" time="0.010" /><testcase classname="tests.test_d1_budget_analysis" name="test_checkpoint_manifest_and_after_learning_witness_are_required[checkpoint_reload.json-&lt;lambda&gt;0]" time="0.009" /><testcase classname="tests.test_d1_budget_analysis" name="test_checkpoint_manifest_and_after_learning_witness_are_required[checkpoint_reload.json-&lt;lambda&gt;1]" time="0.009" /><testcase classname="tests.test_d1_budget_analysis" name="test_checkpoint_manifest_and_after_learning_witness_are_required[checkpoint_reload.json-&lt;lambda&gt;2]" time="0.009" /><testcase classname="tests.test_d1_budget_analysis" name="test_checkpoint_manifest_and_after_learning_witness_are_required[checkpoint_reload.json-&lt;lambda&gt;3]" time="0.009" /><testcase classname="tests.test_d1_budget_analysis" name="test_checkpoint_manifest_and_after_learning_witness_are_required[checkpoint_reload.json-&lt;lambda&gt;4]" time="0.010" /><testcase classname="tests.test_d1_budget_analysis" name="test_checkpoint_metadata_seed_is_checked_even_after_resigning_hash" time="0.010" /><testcase classname="tests.test_d1_budget_analysis" name="test_both_final_and_intermediate_zip_bytes_are_hashed[checkpoint.zip]" time="0.010" /><testcase classname="tests.test_d1_budget_analysis" name="test_both_final_and_intermediate_zip_bytes_are_hashed[checkpoints/budget512/checkpoint.zip]" time="0.009" /><testcase classname="tests.test_d1_budget_analysis" name="test_checkpoint_phase_order_cannot_claim_save_before_completed_update" time="0.010" /><testcase classname="tests.test_d1_budget_analysis" name="test_parent_completion_source_and_ledger_are_independent_gates[failed_parent]" time="0.048" /><testcase classname="tests.test_d1_budget_analysis" name="test_parent_completion_source_and_ledger_are_independent_gates[source_changed]" time="0.048" /><testcase classname="tests.test_d1_budget_analysis" name="test_parent_completion_source_and_ledger_are_independent_gates[missing_extra]" time="0.292" /><testcase classname="tests.test_d1_budget_analysis" name="test_parent_completion_source_and_ledger_are_independent_gates[wrong_ledger]" time="0.049" /><testcase classname="tests.test_d1_budget_analysis" name="test_failed_full_horizon_is_not_counted_as_completed_or_paired_improvement" time="0.292" /><testcase classname="tests.test_d1_budget_analysis" name="test_cli_rejects_unsafe_output_or_bad_input_before_creating_report[existing]" time="0.047" /><testcase classname="tests.test_d1_budget_analysis" name="test_cli_rejects_unsafe_output_or_bad_input_before_creating_report[overlap]" time="0.048" /><testcase classname="tests.test_d1_budget_analysis" name="test_cli_rejects_unsafe_output_or_bad_input_before_creating_report[symlink]" time="0.048" /><testcase classname="tests.test_d1_budget_analysis" name="test_cli_rejects_unsafe_output_or_bad_input_before_creating_report[invalid_input]" time="0.048" /><testcase classname="tests.test_d1_budget_analysis" name="test_archived_analyzer_runs_after_study_migration_without_original_repo" time="0.634" /><testcase classname="tests.test_d1_budget_analysis" name="test_analysis_dependency_closure_does_not_import_simulator_or_torch" time="0.019" /><testcase classname="tests.test_d1_budget_checkpoints" name="test_save_runs_after_whole_train_and_manifest_binds_real_saved_bytes" time="0.002" /><testcase classname="tests.test_d1_budget_checkpoints" name="test_failed_or_interrupted_update_never_claims_completed[exception0]" time="0.001" /><testcase classname="tests.test_d1_budget_checkpoints" name="test_failed_or_interrupted_update_never_claims_completed[exception1]" time="0.001" /><testcase classname="tests.test_d1_budget_checkpoints" name="test_metadata_failure_keeps_partial_checkpoint_without_claiming_success" time="0.001" /><testcase classname="tests.test_d1_budget_checkpoints" name="test_audit_mismatch_fails_closed_before_saving[wrong_step]" time="0.001" /><testcase classname="tests.test_d1_budget_checkpoints" name="test_audit_mismatch_fails_closed_before_saving[wrong_hash]" time="0.001" /><testcase classname="tests.test_d1_budget_checkpoints" name="test_audit_mismatch_fails_closed_before_saving[wrong_index]" time="0.001" /><testcase classname="tests.test_d1_budget_checkpoints" name="test_audit_mismatch_fails_closed_before_saving[wrong_updates]" time="0.001" /><testcase classname="tests.test_d1_budget_checkpoints" name="test_invalid_update_counters_do_not_execute_optimizer[num_timesteps-128.0]" time="0.001" /><testcase classname="tests.test_d1_budget_checkpoints" name="test_invalid_update_counters_do_not_execute_optimizer[num_timesteps-True]" time="0.001" /><testcase classname="tests.test_d1_budget_checkpoints" name="test_invalid_update_counters_do_not_execute_optimizer[num_timesteps-256]" time="0.001" /><testcase classname="tests.test_d1_budget_checkpoints" name="test_invalid_update_counters_do_not_execute_optimizer[_n_updates-1]" time="0.001" /><testcase classname="tests.test_d1_budget_checkpoints" name="test_completed_writer_cannot_execute_an_extra_update" time="0.002" /><testcase classname="tests.test_d1_budget_checkpoints" name="test_failed_writer_cannot_resume_on_the_same_directory" time="0.001" /><testcase classname="tests.test_d1_budget_checkpoints" name="test_altered_learner_identity_is_rejected_before_update" time="0.001" /><testcase classname="tests.test_d1_budget_checkpoints" name="test_preexisting_budget_directory_is_never_overwritten" time="0.001" /><testcase classname="tests.test_d1_budget_checkpoints" name="test_writer_rejects_existing_and_symlink_outputs_without_changes" time="0.001" /><testcase classname="tests.test_d1_budget_checkpoints" name="test_none_preserves_legacy_and_valid_budgets_preserve_order" time="0.000" /><testcase classname="tests.test_d1_budget_checkpoints" name="test_invalid_budgets_are_not_coerced[budgets0]" time="0.000" /><testcase classname="tests.test_d1_budget_checkpoints" name="test_invalid_budgets_are_not_coerced[budgets1]" time="0.000" /><testcase classname="tests.test_d1_budget_checkpoints" name="test_invalid_budgets_are_not_coerced[budgets2]" time="0.000" /><testcase classname="tests.test_d1_budget_checkpoints" name="test_invalid_budgets_are_not_coerced[budgets3]" time="0.000" /><testcase classname="tests.test_d1_budget_checkpoints" name="test_invalid_budgets_are_not_coerced[budgets4]" time="0.000" /><testcase classname="tests.test_d1_budget_checkpoints" name="test_invalid_budgets_are_not_coerced[budgets5]" time="0.000" /><testcase classname="tests.test_d1_budget_checkpoints" name="test_invalid_budgets_are_not_coerced[budgets6]" time="0.000" /><testcase classname="tests.test_d1_budget_checkpoints" name="test_invalid_budgets_are_not_coerced[budgets7]" time="0.000" /><testcase classname="tests.test_d1_budget_checkpoints" name="test_invalid_budgets_are_not_coerced[budgets8]" time="0.000" /><testcase classname="tests.test_d1_budget_checkpoints" name="test_invalid_budgets_are_not_coerced[128]" time="0.000" /><testcase classname="tests.test_d1_budget_checkpoints" name="test_budget_dimensions_are_strict_integers[total_steps-True]" time="0.000" /><testcase classname="tests.test_d1_budget_checkpoints" name="test_budget_dimensions_are_strict_integers[total_steps-256.0]" time="0.000" /><testcase classname="tests.test_d1_budget_checkpoints" name="test_budget_dimensions_are_strict_integers[workers-True]" time="0.000" /><testcase classname="tests.test_d1_budget_checkpoints" name="test_budget_dimensions_are_strict_integers[workers-0]" time="0.000" /><testcase classname="tests.test_d1_budget_checkpoints" name="test_budget_dimensions_are_strict_integers[n_steps-0]" time="0.000" /><testcase classname="tests.test_d1_budget_checkpoints" name="test_budget_dimensions_are_strict_integers[n_steps-128.0]" time="0.000" /><testcase classname="tests.test_d1_budget_checkpoints" name="test_cli_rejects_invalid_schedule_before_creating_output[evaluate-budgets0]" time="0.002" /><testcase classname="tests.test_d1_budget_checkpoints" name="test_cli_rejects_invalid_schedule_before_creating_output[benchmark-budgets1]" time="0.001" /><testcase classname="tests.test_d1_budget_checkpoints" name="test_cli_rejects_invalid_schedule_before_creating_output[train-budgets2]" time="0.001" /><testcase classname="tests.test_d1_budget_checkpoints" name="test_cli_rejects_invalid_schedule_before_creating_output[train-budgets3]" time="0.001" /><testcase classname="tests.test_d1_budget_checkpoints" name="test_cli_rejects_invalid_schedule_before_creating_output[train-budgets4]" time="0.001" /><testcase classname="tests.test_d1_budget_checkpoints" name="test_cli_declares_budget_protocol_before_dispatch" time="0.007" /><testcase classname="tests.test_d1_budget_checkpoints" name="test_real_two_rollout_training_is_unchanged_by_checkpoint_saves[shared2]" time="5.056" /><testcase classname="tests.test_d1_budget_checkpoints" name="test_real_each_budget_is_loadable_and_matches_its_completed_audited_update[shared2]" time="0.186" /><testcase classname="tests.test_d1_budget_checkpoints" name="test_real_reload_witness_and_save_manifest_have_exact_budget_matrix[shared2]" time="0.001" /><testcase classname="tests.test_d1_budget_checkpoints" name="test_real_two_rollout_training_is_unchanged_by_checkpoint_saves[independent8]" time="4.836" /><testcase classname="tests.test_d1_budget_checkpoints" name="test_real_each_budget_is_loadable_and_matches_its_completed_audited_update[independent8]" time="0.177" /><testcase classname="tests.test_d1_budget_checkpoints" name="test_real_reload_witness_and_save_manifest_have_exact_budget_matrix[independent8]" time="0.001" /><testcase classname="tests.test_d1_budget_plots" name="test_independent_partial_survivor_is_nan_and_curves_do_not_mutate_input" time="0.007" /><testcase classname="tests.test_d1_budget_plots" name="test_independent_all_failed_policy_and_partial_zero_omit_all_means" time="0.001" /><testcase classname="tests.test_d1_budget_plots" name="test_independent_bad_matrix_never_gets_plotted[duplicate_seed]" time="0.000" /><testcase classname="tests.test_d1_budget_plots" name="test_independent_bad_matrix_never_gets_plotted[missing_seed]" time="0.000" /><testcase classname="tests.test_d1_budget_plots" name="test_independent_bad_matrix_never_gets_plotted[extra_seed]" time="0.000" /><testcase classname="tests.test_d1_budget_plots" name="test_independent_bad_matrix_never_gets_plotted[duplicate_budget]" time="0.000" /><testcase classname="tests.test_d1_budget_plots" name="test_independent_bad_matrix_never_gets_plotted[missing_budget]" time="0.000" /><testcase classname="tests.test_d1_budget_plots" name="test_independent_bad_matrix_never_gets_plotted[extra_budget]" time="0.000" /><testcase classname="tests.test_d1_budget_plots" name="test_independent_bad_matrix_never_gets_plotted[missing_mode]" time="0.000" /><testcase classname="tests.test_d1_budget_plots" name="test_independent_bad_matrix_never_gets_plotted[extra_mode]" time="0.000" /><testcase classname="tests.test_d1_budget_plots" name="test_independent_bad_matrix_never_gets_plotted[bool_budget]" time="0.000" /><testcase classname="tests.test_d1_budget_plots" name="test_independent_bad_matrix_never_gets_plotted[float_budget]" time="0.000" /><testcase classname="tests.test_d1_budget_plots" name="test_independent_bad_matrix_never_gets_plotted[reverse_budget]" time="0.000" /><testcase classname="tests.test_d1_budget_plots" name="test_independent_bad_matrix_never_gets_plotted[bool_seed]" time="0.000" /><testcase classname="tests.test_d1_budget_plots" name="test_independent_bad_matrix_never_gets_plotted[unknown_kind]" time="0.000" /><testcase classname="tests.test_d1_budget_plots" name="test_independent_bad_matrix_never_gets_plotted[unknown_schema]" time="0.000" /><testcase classname="tests.test_d1_budget_plots" name="test_independent_bad_matrix_never_gets_plotted[extra_split]" time="0.000" /><testcase classname="tests.test_d1_budget_plots" name="test_independent_bad_matrix_never_gets_plotted[missing_split]" time="0.000" /><testcase classname="tests.test_d1_budget_plots" name="test_independent_invalid_counts_rejected[completed-True]" time="0.000" /><testcase classname="tests.test_d1_budget_plots" name="test_independent_invalid_counts_rejected[completed-4.0]" time="0.000" /><testcase classname="tests.test_d1_budget_plots" name="test_independent_invalid_counts_rejected[completed-5]" time="0.000" /><testcase classname="tests.test_d1_budget_plots" name="test_independent_invalid_counts_rejected[failed-1]" time="0.000" /><testcase classname="tests.test_d1_budget_plots" name="test_independent_invalid_counts_rejected[cases-3]" time="0.000" /><testcase classname="tests.test_d1_budget_plots" name="test_independent_invalid_counts_rejected[quality_passes-5]" time="0.000" /><testcase classname="tests.test_d1_budget_plots" name="test_independent_invalid_counts_rejected[quality_passes-False]" time="0.000" /><testcase classname="tests.test_d1_budget_plots" name="test_independent_bad_metric_is_rejected_even_on_hidden_failed_point[True]" time="0.000" /><testcase classname="tests.test_d1_budget_plots" name="test_independent_bad_metric_is_rejected_even_on_hidden_failed_point[0.1]" time="0.000" /><testcase classname="tests.test_d1_budget_plots" name="test_independent_bad_metric_is_rejected_even_on_hidden_failed_point[nan]" time="0.000" /><testcase classname="tests.test_d1_budget_plots" name="test_independent_bad_metric_is_rejected_even_on_hidden_failed_point[inf]" time="0.000" /><testcase classname="tests.test_d1_budget_plots" name="test_independent_bad_metric_is_rejected_even_on_hidden_failed_point[-1.0]" time="0.000" /><testcase classname="tests.test_d1_budget_plots" name="test_independent_real_pngs_input_immutability_and_no_training_imports" time="0.946" /><testcase classname="tests.test_d1_budget_plots" name="test_independent_figure_contains_nan_gap_and_smoke_watermark" time="0.181" /><testcase classname="tests.test_d1_budget_plots" name="test_independent_cli_from_unrelated_cwd_and_duplicate_json_keys" time="1.178" /><testcase classname="tests.test_d1_budget_plots" name="test_independent_source_and_output_symlinks_are_refused" time="0.001" /><testcase classname="tests.test_d1_budget_plots" name="test_independent_malformed_inputs_raise_contract_error[unhashable_kind]" time="0.000" /><testcase classname="tests.test_d1_budget_plots" name="test_independent_malformed_inputs_raise_contract_error[missing_zero]" time="0.000" /><testcase classname="tests.test_d1_budget_plots" name="test_independent_malformed_inputs_raise_contract_error[huge_metric]" time="0.000" /><testcase classname="tests.test_d1_budget_plots" name="test_independent_nonfinite_json_is_rejected_before_writing" time="0.001" /><testcase classname="tests.test_d1_budget_recovery" name="test_csv_prefix_opus_core_unicode_and_multiline" time="0.000" /><testcase classname="tests.test_d1_budget_recovery" name="test_full_ledger_prefix_keeps_multiline_csv_bytes" time="0.031" /><testcase classname="tests.test_d1_budget_recovery" name="test_rejects_invalid_ledger_including_failed_tail[tail_success]" time="0.029" /><testcase classname="tests.test_d1_budget_recovery" name="test_rejects_invalid_ledger_including_failed_tail[tail_sequence]" time="0.030" /><testcase classname="tests.test_d1_budget_recovery" name="test_rejects_invalid_ledger_including_failed_tail[prefix_failure]" time="0.030" /><testcase classname="tests.test_d1_budget_recovery" name="test_rejects_invalid_ledger_including_failed_tail[bool_sequence]" time="0.029" /><testcase classname="tests.test_d1_budget_recovery" name="test_rejects_invalid_ledger_including_failed_tail[csv_tail]" time="0.031" /><testcase classname="tests.test_d1_budget_recovery" name="test_rejects_invalid_ledger_including_failed_tail[extra_csv_cell]" time="0.032" /><testcase classname="tests.test_d1_budget_recovery" name="test_rejects_invalid_ledger_including_failed_tail[partial_jsonl]" time="0.030" /><testcase classname="tests.test_d1_budget_recovery" name="test_validate_is_read_only_and_plans_40_through_56" time="0.079" /><testcase classname="tests.test_d1_budget_recovery" name="test_validate_rejects_source_chain_changes_and_clobber[source]" time="0.028" /><testcase classname="tests.test_d1_budget_recovery" name="test_validate_rejects_source_chain_changes_and_clobber[archive]" time="0.034" /><testcase classname="tests.test_d1_budget_recovery" name="test_validate_rejects_source_chain_changes_and_clobber[copied]" time="0.037" /><testcase classname="tests.test_d1_budget_recovery" name="test_validate_rejects_source_chain_changes_and_clobber[helper]" time="0.029" /><testcase classname="tests.test_d1_budget_recovery" name="test_validate_rejects_source_chain_changes_and_clobber[old_lock]" time="0.051" /><testcase classname="tests.test_d1_budget_recovery" name="test_validate_rejects_source_chain_changes_and_clobber[occupied_archive]" time="0.028" /><testcase classname="tests.test_d1_budget_recovery" name="test_validate_rejects_source_chain_changes_and_clobber[wrong_count]" time="0.029" /><testcase classname="tests.test_d1_budget_recovery" name="test_execute_preserves_archive_and_exact_39_prefix_without_retraining" time="0.240" /><testcase classname="tests.test_d1_budget_recovery" name="test_child_failure_is_retained_without_retry_or_summary" time="0.102" /><testcase classname="tests.test_d1_budget_recovery" name="test_source_change_before_first_resumed_child_aborts" time="0.091" /><testcase classname="tests.test_d1_budget_recovery" name="test_rename_does_not_replace_existing_archive" time="0.001" /><testcase classname="tests.test_d1_budget_recovery" name="test_existing_new_lock_prevents_any_archive_mutation" time="0.079" /><testcase classname="tests.test_d1_budget_recovery" name="test_host_scan_skips_self_and_wrappers_but_blocks_other_helper[python3\x00/other/recover_d1_budget_study.py\x00]" time="0.001" /><testcase classname="tests.test_d1_budget_recovery" name="test_host_scan_skips_self_and_wrappers_but_blocks_other_helper[/usr/bin/python3.10\x00-B\x00/other/recover_d1_budget_study.py\x00]" time="0.001" /><testcase classname="tests.test_d1_budget_recovery" name="test_host_scan_skips_self_and_wrappers_but_blocks_other_helper[python3\x00-m\x00scripts.recover_d1_budget_study\x00]" time="0.001" /><testcase classname="tests.test_d1_budget_study" name="test_complete_protocol_and_continuous_training_counts[False-56-200-6-budgets0-1572864-3072]" time="0.002" /><testcase classname="tests.test_d1_budget_study" name="test_complete_protocol_and_continuous_training_counts[True-12-40-2-budgets1-2048-4]" time="0.001" /><testcase classname="tests.test_d1_budget_study" name="test_all_training_then_all_development_then_holdout[False]" time="0.001" /><testcase classname="tests.test_d1_budget_study" name="test_all_training_then_all_development_then_holdout[True]" time="0.001" /><testcase classname="tests.test_d1_budget_study" name="test_argv_and_checkpoint_associations[False]" time="0.003" /><testcase classname="tests.test_d1_budget_study" name="test_argv_and_checkpoint_associations[True]" time="0.001" /><testcase classname="tests.test_d1_budget_study" name="test_preregistered_ppo_settings_match_actual_child" time="0.000" /><testcase classname="tests.test_d1_budget_study" name="test_preregistered_terrains_match_actual_suite" time="0.002" /><testcase classname="tests.test_d1_budget_study" name="test_success_records_paired_json_csv_and_child_artifact_hashes" time="0.023" /><testcase classname="tests.test_d1_budget_study" name="test_failure_stops_child_group_records_error_and_preserves_outputs[exit]" time="0.006" /><testcase classname="tests.test_d1_budget_study" name="test_failure_stops_child_group_records_error_and_preserves_outputs[launch]" time="0.006" /><testcase classname="tests.test_d1_budget_study" name="test_failure_stops_child_group_records_error_and_preserves_outputs[interrupt]" time="0.006" /><testcase classname="tests.test_d1_budget_study" name="test_failure_stops_child_group_records_error_and_preserves_outputs[system_exit]" time="0.006" /><testcase classname="tests.test_d1_budget_study" name="test_failure_stops_child_group_records_error_and_preserves_outputs[sigterm]" time="0.006" /><testcase classname="tests.test_d1_budget_study" name="test_launch_error_records_without_nonexistent_child_cleanup" time="0.004" /><testcase classname="tests.test_d1_budget_study" name="test_cleanup_escalates_to_sigkill_and_restores_handlers" time="0.000" /><testcase classname="tests.test_d1_budget_study" name="test_real_cleanup_kills_worker_after_group_leader_has_already_exited" time="0.025" /><testcase classname="tests.test_d1_budget_study" name="test_source_inventory_changes_stop_after_one_child[edit]" time="0.006" /><testcase classname="tests.test_d1_budget_study" name="test_source_inventory_changes_stop_after_one_child[add]" time="0.005" /><testcase classname="tests.test_d1_budget_study" name="test_source_inventory_changes_stop_after_one_child[delete]" time="0.005" /><testcase classname="tests.test_d1_budget_study" name="test_source_inventory_changes_stop_after_one_child[asset]" time="0.006" /><testcase classname="tests.test_d1_budget_study" name="test_source_inventory_changes_stop_after_one_child[non_python]" time="0.005" /><testcase classname="tests.test_d1_budget_study" name="test_successful_child_requires_complete_hash_bound_artifacts" time="0.005" /><testcase classname="tests.test_d1_budget_study" name="test_inventory_ignores_results_and_python_caches_but_hashes_all_source" time="0.002" /><testcase classname="tests.test_d1_budget_study" name="test_archived_extras_reject_escape_and_aliases[traversal]" time="0.001" /><testcase classname="tests.test_d1_budget_study" name="test_archived_extras_reject_escape_and_aliases[absolute]" time="0.001" /><testcase classname="tests.test_d1_budget_study" name="test_archived_extras_reject_escape_and_aliases[source_alias]" time="0.001" /><testcase classname="tests.test_d1_budget_study" name="test_archived_extras_reject_escape_and_aliases[output_alias]" time="0.001" /><testcase classname="tests.test_d1_budget_study" name="test_unsafe_or_reused_outputs_rejected_even_in_dry_run[existing_dir]" time="0.001" /><testcase classname="tests.test_d1_budget_study" name="test_unsafe_or_reused_outputs_rejected_even_in_dry_run[existing_file]" time="0.001" /><testcase classname="tests.test_d1_budget_study" name="test_unsafe_or_reused_outputs_rejected_even_in_dry_run[symlink]" time="0.001" /><testcase classname="tests.test_d1_budget_study" name="test_unsafe_or_reused_outputs_rejected_even_in_dry_run[parent_alias]" time="0.001" /><testcase classname="tests.test_d1_budget_study" name="test_unsafe_or_reused_outputs_rejected_even_in_dry_run[traversal]" time="0.001" /><testcase classname="tests.test_d1_budget_study" name="test_unsafe_or_reused_outputs_rejected_even_in_dry_run[source]" time="0.001" /><testcase classname="tests.test_d1_budget_study" name="test_unsafe_or_reused_outputs_rejected_even_in_dry_run[scripts]" time="0.001" /><testcase classname="tests.test_d1_budget_study" name="test_unsafe_or_reused_outputs_rejected_even_in_dry_run[tests]" time="0.001" /><testcase classname="tests.test_d1_budget_study" name="test_invalid_source_preflight_leaves_no_partial_output[missing]" time="0.003" /><testcase classname="tests.test_d1_budget_study" name="test_invalid_source_preflight_leaves_no_partial_output[symlink]" time="0.002" /><testcase classname="tests.test_d1_budget_study" name="test_dry_run_cli_prints_entir
[...]
_cache_only_selection_is_not_a_successful_empty_package" time="0.008" /><testcase classname="tests.test_result_artifacts" name="test_concurrent_changes_leave_no_completed_manifest[append]" time="0.020" /><testcase classname="tests.test_result_artifacts" name="test_concurrent_changes_leave_no_completed_manifest[same-size]" time="0.021" /><testcase classname="tests.test_result_artifacts" name="test_concurrent_changes_leave_no_completed_manifest[replace]" time="0.020" /><testcase classname="tests.test_result_artifacts" name="test_concurrent_changes_leave_no_completed_manifest[add]" time="0.021" /><testcase classname="tests.test_result_artifacts" name="test_concurrent_changes_leave_no_completed_manifest[delete]" time="0.020" /><testcase classname="tests.test_result_artifacts" name="test_compression_failure_has_nonzero_cli_status_and_no_success_manifest" time="0.018" /><testcase classname="tests.test_result_artifacts" name="test_unborn_or_missing_git_head_fails_before_output" time="0.010" /><testcase classname="tests.test_result_artifacts" name="test_swap_after_enumeration_fails_without_reading_an_unapproved_target[symlink]" time="0.014" /><testcase classname="tests.test_result_artifacts" name="test_swap_after_enumeration_fails_without_reading_an_unapproved_target[directory]" time="0.015" /><testcase classname="tests.test_result_artifacts" name="test_swap_after_enumeration_fails_without_reading_an_unapproved_target[deleted]" time="0.017" /><testcase classname="tests.test_result_artifacts" name="test_swap_after_enumeration_fails_without_reading_an_unapproved_target[fifo]" time="0.016" /><testcase classname="tests.test_result_artifacts" name="test_changes_during_streaming_do_not_publish_success[grow]" time="0.020" /><testcase classname="tests.test_result_artifacts" name="test_changes_during_streaming_do_not_publish_success[truncate]" time="0.018" /><testcase classname="tests.test_result_artifacts" name="test_changes_during_streaming_do_not_publish_success[read-error]" time="0.015" /><testcase classname="tests.test_result_artifacts" name="test_no_partial_success_when_final_checksum_publication_fails" time="0.021" /><testcase classname="tests.test_result_artifacts" name="test_hardlinks_are_regular_members_and_cache_named_experiments_are_not_excluded" time="0.022" /><testcase classname="tests.test_result_artifacts" name="test_interrupt_exits_nonzero_and_keeps_inputs_and_completion_marker_absent" time="0.017" /><testcase classname="tests.test_rewards" name="test_perfect_tracking_has_unit_reward" time="0.000" /><testcase classname="tests.test_rewards" name="test_residual_and_termination_penalties_are_explicit" time="0.000" /><testcase classname="tests.test_train_metadata" name="test_train_once_records_reproducibility_metadata" time="0.003" /><testcase classname="tests.test_train_metadata" name="test_main_expands_multiple_runs_into_seed_directories" time="0.003" /><testcase classname="tests.test_train_metadata" name="test_single_run_keeps_legacy_output_and_planar_rejects_estimated_state" time="0.002" /><testcase classname="tests.test_train_metadata" name="test_runs_must_be_positive[0]" time="0.001" /><testcase classname="tests.test_train_metadata" name="test_runs_must_be_positive[-2]" time="0.001" /><testcase classname="tests.test_train_metadata" name="test_latency_compensation_requires_estimated_d1_state" time="0.001" /><testcase classname="tests.test_train_metadata" name="test_custom_hyperparameters_reach_ppo_metadata_and_optional_logger" time="5.082" /><testcase classname="tests.test_train_metadata" name="test_logger_factory_is_not_called_by_default" time="5.068" /><testcase classname="tests.test_train_metadata" name="test_failed_training_closes_vector_environment_and_created_logger[construction]" time="5.070" /><testcase classname="tests.test_train_metadata" name="test_failed_training_closes_vector_environment_and_created_logger[logger]" time="5.081" /><testcase classname="tests.test_train_metadata" name="test_failed_training_closes_vector_environment_and_created_logger[set_logger]" time="5.070" /><testcase classname="tests.test_train_metadata" name="test_failed_training_closes_vector_environment_and_created_logger[learn]" time="5.079" /><testcase classname="tests.test_train_metadata" name="test_invalid_parameters_fail_before_dependencies_or_output_creation[--learning-rate-nan]" time="0.002" /><testcase classname="tests.test_train_metadata" name="test_invalid_parameters_fail_before_dependencies_or_output_creation[--learning-rate-inf]" time="0.002" /><testcase classname="tests.test_train_metadata" name="test_invalid_parameters_fail_before_dependencies_or_output_creation[--learning-rate-0]" time="0.002" /><testcase classname="tests.test_train_metadata" name="test_invalid_parameters_fail_before_dependencies_or_output_creation[--gamma-nan]" time="0.002" /><testcase classname="tests.test_train_metadata" name="test_invalid_parameters_fail_before_dependencies_or_output_creation[--gamma-1.01]" time="0.002" /><testcase classname="tests.test_train_metadata" name="test_invalid_parameters_fail_before_dependencies_or_output_creation[--gamma--0.01]" time="0.002" /><testcase classname="tests.test_train_metadata" name="test_invalid_parameters_fail_before_dependencies_or_output_creation[--gae-lambda-inf]" time="0.002" /><testcase classname="tests.test_train_metadata" name="test_invalid_parameters_fail_before_dependencies_or_output_creation[--gae-lambda-1.1]" time="0.002" /><testcase classname="tests.test_train_metadata" name="test_invalid_parameters_fail_before_dependencies_or_output_creation[--gae-lambda--1]" time="0.002" /><testcase classname="tests.test_train_metadata" name="test_invalid_parameters_fail_before_dependencies_or_output_creation[--clip-range-0]" time="0.002" /><testcase classname="tests.test_train_metadata" name="test_invalid_parameters_fail_before_dependencies_or_output_creation[--clip-range-1]" time="0.002" /><testcase classname="tests.test_train_metadata" name="test_invalid_parameters_fail_before_dependencies_or_output_creation[--clip-range-nan]" time="0.002" /><testcase classname="tests.test_train_metadata" name="test_invalid_parameters_fail_before_dependencies_or_output_creation[--ent-coef--1]" time="0.002" /><testcase classname="tests.test_train_metadata" name="test_invalid_parameters_fail_before_dependencies_or_output_creation[--ent-coef-nan]" time="0.002" /><testcase classname="tests.test_train_metadata" name="test_invalid_parameters_fail_before_dependencies_or_output_creation[--n-steps-0]" time="0.002" /><testcase classname="tests.test_train_metadata" name="test_invalid_parameters_fail_before_dependencies_or_output_creation[--batch-size-1]" time="0.002" /><testcase classname="tests.test_train_metadata" name="test_invalid_parameters_fail_before_dependencies_or_output_creation[--batch-size-257]" time="0.002" /><testcase classname="tests.test_train_metadata" name="test_invalid_parameters_fail_before_dependencies_or_output_creation[--n-epochs-0]" time="0.002" /><testcase classname="tests.test_train_metadata" name="test_invalid_parameters_fail_before_dependencies_or_output_creation[--steps-0]" time="0.002" /><testcase classname="tests.test_train_metadata" name="test_invalid_parameters_fail_before_dependencies_or_output_creation[--envs-0]" time="0.002" /><testcase classname="tests.test_train_metadata" name="test_invalid_parameters_fail_before_dependencies_or_output_creation[--runs-0]" time="0.002" /><testcase classname="tests.test_train_metadata" name="test_direct_train_once_rejects_invalid_parameters_before_creating_environment" time="0.002" /><testcase classname="tests.test_train_metadata" name="test_non_dividing_minibatch_and_endpoint_discounts_are_allowed" time="0.001" /><testcase classname="tests.test_wheel_control" name="test_pi_uses_current_error_and_accepted_integral_in_current_command" time="0.000" /><testcase classname="tests.test_wheel_control" name="test_feedforward_uses_known_load_and_model_parameters[-1.0]" time="0.000" /><testcase classname="tests.test_wheel_control" name="test_feedforward_uses_known_load_and_model_parameters[1.0]" time="0.000" /><testcase classname="tests.test_wheel_control" name="test_load_inertia_is_an_explicit_known_quantity" time="0.000" /><testcase classname="tests.test_wheel_control" name="test_delay_parameter_does_not_claim_inverse_delay_compensation" time="0.000" /><testcase classname="tests.test_wheel_control" name="test_pi_and_two_feedforward_models_share_feedback_gains_and_timing" time="0.000" /><testcase classname="tests.test_wheel_control" name="test_saturated_feedback_does_not_accumulate_outward_integral[-1.0]" time="0.001" /><testcase classname="tests.test_wheel_control" name="test_saturated_feedback_does_not_accumulate_outward_integral[1.0]" time="0.001" /><testcase classname="tests.test_wheel_control" name="test_rejected_candidate_is_recomputed_before_output[-1.0]" time="0.000" /><testcase classname="tests.test_wheel_control" name="test_rejected_candidate_is_recomputed_before_output[1.0]" time="0.000" /><testcase classname="tests.test_wheel_control" name="test_inward_integral_is_accepted_even_while_total_remains_saturated[-1.0]" time="0.000" /><testcase classname="tests.test_wheel_control" name="test_inward_integral_is_accepted_even_while_total_remains_saturated[1.0]" time="0.000" /><testcase classname="tests.test_wheel_control" name="test_exact_limit_is_not_saturation_or_a_reason_to_freeze_integral" time="0.000" /><testcase classname="tests.test_wheel_control" name="test_reset_clears_integral_without_affecting_other_controller_or_snapshot" time="0.000" /><testcase classname="tests.test_wheel_control" name="test_config_rejects_invalid_scalars[-1.0-kp]" time="0.000" /><testcase classname="tests.test_wheel_control" name="test_config_rejects_invalid_scalars[-1.0-ki]" time="0.000" /><testcase classname="tests.test_wheel_control" name="test_config_rejects_invalid_scalars[-1.0-dt]" time="0.000" /><testcase classname="tests.test_wheel_control" name="test_config_rejects_invalid_scalars[-1.0-torque_limit_nm]" time="0.000" /><testcase classname="tests.test_wheel_control" name="test_config_rejects_invalid_scalars[inf-kp]" time="0.000" /><testcase classname="tests.test_wheel_control" name="test_config_rejects_invalid_scalars[inf-ki]" time="0.000" /><testcase classname="tests.test_wheel_control" name="test_config_rejects_invalid_scalars[inf-dt]" time="0.000" /><testcase classname="tests.test_wheel_control" name="test_config_rejects_invalid_scalars[inf-torque_limit_nm]" time="0.000" /><testcase classname="tests.test_wheel_control" name="test_config_rejects_invalid_scalars[nan-kp]" time="0.000" /><testcase classname="tests.test_wheel_control" name="test_config_rejects_invalid_scalars[nan-ki]" time="0.000" /><testcase classname="tests.test_wheel_control" name="test_config_rejects_invalid_scalars[nan-dt]" time="0.000" /><testcase classname="tests.test_wheel_control" name="test_config_rejects_invalid_scalars[nan-torque_limit_nm]" time="0.000" /><testcase classname="tests.test_wheel_control" name="test_config_rejects_invalid_scalars[True-kp]" time="0.000" /><testcase classname="tests.test_wheel_control" name="test_config_rejects_invalid_scalars[True-ki]" time="0.000" /><testcase classname="tests.test_wheel_control" name="test_config_rejects_invalid_scalars[True-dt]" time="0.000" /><testcase classname="tests.test_wheel_control" name="test_config_rejects_invalid_scalars[True-torque_limit_nm]" time="0.000" /><testcase classname="tests.test_wheel_control" name="test_config_rejects_invalid_scalars[0.1-kp]" time="0.000" /><testcase classname="tests.test_wheel_control" name="test_config_rejects_invalid_scalars[0.1-ki]" time="0.000" /><testcase classname="tests.test_wheel_control" name="test_config_rejects_invalid_scalars[0.1-dt]" time="0.000" /><testcase classname="tests.test_wheel_control" name="test_config_rejects_invalid_scalars[0.1-torque_limit_nm]" time="0.000" /><testcase classname="tests.test_wheel_control" name="test_config_rejects_zero_timing_and_limit[dt]" time="0.000" /><testcase classname="tests.test_wheel_control" name="test_config_rejects_zero_timing_and_limit[torque_limit_nm]" time="0.000" /><testcase classname="tests.test_wheel_control" name="test_constructor_rejects_invalid_load_inertia[0.0]" time="0.000" /><testcase classname="tests.test_wheel_control" name="test_constructor_rejects_invalid_load_inertia[-1.0]" time="0.000" /><testcase classname="tests.test_wheel_control" name="test_constructor_rejects_invalid_load_inertia[nan]" time="0.000" /><testcase classname="tests.test_wheel_control" name="test_constructor_rejects_invalid_load_inertia[inf]" time="0.000" /><testcase classname="tests.test_wheel_control" name="test_constructor_rejects_invalid_load_inertia[True]" time="0.000" /><testcase classname="tests.test_wheel_control" name="test_constructor_rejects_invalid_load_inertia[1]" time="0.000" /><testcase classname="tests.test_wheel_control" name="test_constructor_rejects_wrong_config_or_parameter_type" time="0.000" /><testcase classname="tests.test_wheel_control" name="test_compute_rejects_invalid_scalar_inputs_without_advancing_integral[nan-0]" time="0.000" /><testcase classname="tests.test_wheel_control" name="test_compute_rejects_invalid_scalar_inputs_without_advancing_integral[nan-1]" time="0.000" /><testcase classname="tests.test_wheel_control" name="test_compute_rejects_invalid_scalar_inputs_without_advancing_integral[nan-2]" time="0.000" /><testcase classname="tests.test_wheel_control" name="test_compute_rejects_invalid_scalar_inputs_without_advancing_integral[inf-0]" time="0.000" /><testcase classname="tests.test_wheel_control" name="test_compute_rejects_invalid_scalar_inputs_without_advancing_integral[inf-1]" time="0.000" /><testcase classname="tests.test_wheel_control" name="test_compute_rejects_invalid_scalar_inputs_without_advancing_integral[inf-2]" time="0.000" /><testcase classname="tests.test_wheel_control" name="test_compute_rejects_invalid_scalar_inputs_without_advancing_integral[True-0]" time="0.000" /><testcase classname="tests.test_wheel_control" name="test_compute_rejects_invalid_scalar_inputs_without_advancing_integral[True-1]" time="0.000" /><testcase classname="tests.test_wheel_control" name="test_compute_rejects_invalid_scalar_inputs_without_advancing_integral[True-2]" time="0.000" /><testcase classname="tests.test_wheel_control" name="test_compute_rejects_invalid_scalar_inputs_without_advancing_integral[1-0]" time="0.000" /><testcase classname="tests.test_wheel_control" name="test_compute_rejects_invalid_scalar_inputs_without_advancing_integral[1-1]" time="0.000" /><testcase classname="tests.test_wheel_control" name="test_compute_rejects_invalid_scalar_inputs_without_advancing_integral[1-2]" time="0.000" /><testcase classname="tests.test_wheel_control" name="test_compute_rejects_invalid_scalar_inputs_without_advancing_integral[value4-0]" time="0.000" /><testcase classname="tests.test_wheel_control" name="test_compute_rejects_invalid_scalar_inputs_without_advancing_integral[value4-1]" time="0.001" /><testcase classname="tests.test_wheel_control" name="test_compute_rejects_invalid_scalar_inputs_without_advancing_integral[value4-2]" time="0.000" /><testcase classname="tests.test_wheel_control" name="test_nonfinite_arithmetic_is_rejected_before_changing_state" time="0.000" /><testcase classname="tests.test_wheel_control" name="test_numpy_real_scalars_are_accepted_and_outputs_remain_python_scalars" time="0.000" /><testcase classname="tests.test_wheel_control" name="test_constant_speed_pi_closes_the_loop_on_a_nonideal_wheel" time="0.025" /><testcase classname="tests.test_wheel_control_experiment" name="test_reference_acceleration_matches_analytic_velocity_derivative[tracking]" time="0.001" /><testcase classname="tests.test_wheel_control_experiment" name="test_reference_acceleration_matches_analytic_velocity_derivative[reversal]" time="0.000" /><testcase classname="tests.test_wheel_control_experiment" name="test_reference_acceleration_matches_analytic_velocity_derivative[stress]" time="0.000" /><testcase classname="tests.test_wheel_control_experiment" name="test_closed_loop_uses_current_state_and_replays_the_same_hidden_plant" time="0.035" /><testcase classname="tests.test_wheel_control_experiment" name="test_closed_loop_resets_a_reused_controller_and_is_seed_reproducible" time="0.041" /><testcase classname="tests.test_wheel_control_experiment" name="test_stress_trace_preserves_limit_and_conditional_integration_evidence" time="0.018" /><testcase classname="tests.test_wheel_control_experiment" name="test_speed_guard_keeps_the_triggering_step_and_reports_partial_metrics" time="0.002" /><testcase classname="tests.test_wheel_control_experiment" name="test_metrics_are_recomputed_from_every_saved_physical_step" time="6.964" /><testcase classname="tests.test_wheel_control_experiment" name="test_low_budget_fit_keeps_nonconvergence_and_scope_explicit" time="0.000" /><testcase classname="tests.test_wheel_control_experiment" name="test_manifest_covers_each_artifact_and_source_fingerprints_are_current" time="0.002" /><testcase classname="tests.test_wheel_control_experiment" name="test_two_calibration_logs_are_distinct_from_closed_loop_profiles" time="0.002" /><testcase classname="tests.test_wheel_control_experiment" name="test_invalid_arguments_do_not_create_an_output_directory[--duration-0.99]" time="0.002" /><testcase classname="tests.test_wheel_control_experiment" name="test_invalid_arguments_do_not_create_an_output_directory[--duration-nan]" time="0.002" /><testcase classname="tests.test_wheel_control_experiment" name="test_invalid_arguments_do_not_create_an_output_directory[--duration-inf]" time="0.003" /><testcase classname="tests.test_wheel_control_experiment" name="test_invalid_arguments_do_not_create_an_output_directory[--calibration-duration-0.49]" time="0.002" /><testcase classname="tests.test_wheel_control_experiment" name="test_invalid_arguments_do_not_create_an_output_directory[--calibration-duration-nan]" time="0.002" /><testcase classname="tests.test_wheel_control_experiment" name="test_invalid_arguments_do_not_create_an_output_directory[--calibration-duration-inf]" time="0.002" /><testcase classname="tests.test_wheel_control_experiment" name="test_invalid_arguments_do_not_create_an_output_directory[--noise-scale--0.1]" time="0.002" /><testcase classname="tests.test_wheel_control_experiment" name="test_invalid_arguments_do_not_create_an_output_directory[--noise-scale-nan]" time="0.002" /><testcase classname="tests.test_wheel_control_experiment" name="test_invalid_arguments_do_not_create_an_output_directory[--noise-scale-inf]" time="0.002" /><testcase classname="tests.test_wheel_control_experiment" name="test_invalid_arguments_do_not_create_an_output_directory[--seed--1]" time="0.002" /><testcase classname="tests.test_wheel_control_experiment" name="test_invalid_arguments_do_not_create_an_output_directory[--seed-1.5]" time="0.002" /><testcase classname="tests.test_wheel_control_experiment" name="test_invalid_arguments_do_not_create_an_output_directory[--max-delay-steps--1]" time="0.002" /><testcase classname="tests.test_wheel_control_experiment" name="test_invalid_arguments_do_not_create_an_output_directory[--max-delay-steps-0.5]" time="0.002" /><testcase classname="tests.test_wheel_control_experiment" name="test_invalid_arguments_do_not_create_an_output_directory[--max-nfev-0]" time="0.002" /><testcase classname="tests.test_wheel_control_experiment" name="test_invalid_arguments_do_not_create_an_output_directory[--max-nfev--1]" time="0.002" /><testcase classname="tests.test_wheel_control_experiment" name="test_invalid_arguments_do_not_create_an_output_directory[--max-nfev-nan]" time="0.002" /><testcase classname="tests.test_wheel_control_experiment" name="test_cli_refuses_to_overwrite_existing_experiment" time="0.002" /><testcase classname="tests.test_wheel_control_experiment" name="test_help_succeeds_without_output" time="0.006" /></testsuite></testsuites>